This is pdfTeX, Version 3.141592653-2.6-1.40.23 (TeX Live 2021/Arch Linux) (preloaded format=pdflatex 2021.12.30)  17 MAR 2022 14:49
entering extended mode
 restricted \write18 enabled.
 %&-line parsing enabled.
**/home/hofmannu/Code/CLAHE3D/CMakeLists.txt
(/home/hofmannu/Code/CLAHE3D/CMakeLists.txt
LaTeX2e <2021-11-15> patch level 1
L3 programming layer <2021-11-22>

! LaTeX Error: Missing \begin{document}.

See the LaTeX manual or LaTeX Companion for explanation.
Type  H <return>  for immediate help.
 ...                                              
                                                  
l.1 c
     make_minimum_required(VERSION 3.12)
You're in trouble here.  Try typing  <return>  to proceed.
If that doesn't work, type  X <return>  to quit.

Missing character: There is no c in font nullfont!
Missing character: There is no m in font nullfont!
Missing character: There is no a in font nullfont!
Missing character: There is no k in font nullfont!
Missing character: There is no e in font nullfont!
! Missing $ inserted.
<inserted text> 
                $
l.1 cmake_
          minimum_required(VERSION 3.12)
I've inserted a begin-math/end-math symbol since I think
you left one out. Proceed, with fingers crossed.

LaTeX Font Info:    External font `cmex10' loaded for size
(Font)              <7> on input line 1.
LaTeX Font Info:    External font `cmex10' loaded for size
(Font)              <5> on input line 1.
! Missing $ inserted.
<inserted text> 
                $
l.2 
    
I've inserted a begin-math/end-math symbol since I think
you left one out. Proceed, with fingers crossed.


Overfull \hbox (179.66023pt too wide) in paragraph at lines 1--2
[]$[]\OML/cmm/m/it/10 inimum[]equired\OT1/cmr/m/n/10 (\OML/cmm/m/it/10 VERSION\
OT1/cmr/m/n/10 3\OML/cmm/m/it/10 :\OT1/cmr/m/n/10 12)$ 
 []


! LaTeX Error: Missing \begin{document}.

See the LaTeX manual or LaTeX Companion for explanation.
Type  H <return>  for immediate help.
 ...                                              
                                                  
l.3 s
     et(USE_CUDA FALSE) # flag to enable and disable GPU support
You're in trouble here.  Try typing  <return>  to proceed.
If that doesn't work, type  X <return>  to quit.

Missing character: There is no s in font nullfont!
Missing character: There is no e in font nullfont!
Missing character: There is no t in font nullfont!
Missing character: There is no ( in font nullfont!
Missing character: There is no U in font nullfont!
Missing character: There is no S in font nullfont!
Missing character: There is no E in font nullfont!
! Missing $ inserted.
<inserted text> 
                $
l.3 set(USE_
            CUDA FALSE) # flag to enable and disable GPU support
I've inserted a begin-math/end-math symbol since I think
you left one out. Proceed, with fingers crossed.

! You can't use `macro parameter character #' in math mode.
l.3 set(USE_CUDA FALSE) #
                          flag to enable and disable GPU support
Sorry, but I'm not programmed to handle this case;
I'll just pretend that you didn't ask for it.
If you're in the wrong mode, you might be able to
return to the right one by typing `I}' or `I$' or `I\par'.

! You can't use `macro parameter character #' in math mode.
l.4 set(USE_GUI TRUE) #
                        flag to enable GUI building
Sorry, but I'm not programmed to handle this case;
I'll just pretend that you didn't ask for it.
If you're in the wrong mode, you might be able to
return to the right one by typing `I}' or `I$' or `I\par'.

! Missing $ inserted.
<inserted text> 
                $
l.5 
    
I've inserted a begin-math/end-math symbol since I think
you left one out. Proceed, with fingers crossed.


Overfull \hbox (458.86389pt too wide) in paragraph at lines 3--5
[]$[]\OML/cmm/m/it/10 UDAFALSE\OT1/cmr/m/n/10 )\OML/cmm/m/it/10 flagtoenableand
disableGPUsupportset\OT1/cmr/m/n/10 (\OML/cmm/m/it/10 USE[]UITRUE\OT1/cmr/m/n/1
0 )\OML/cmm/m/it/10 flagtoenableGUIbuilding$ 
 []


! LaTeX Error: Missing \begin{document}.

See the LaTeX manual or LaTeX Companion for explanation.
Type  H <return>  for immediate help.
 ...                                              
                                                  
l.6 i
     f(${USE_CUDA})
You're in trouble here.  Try typing  <return>  to proceed.
If that doesn't work, type  X <return>  to quit.

Missing character: There is no i in font nullfont!
Missing character: There is no f in font nullfont!
Missing character: There is no ( in font nullfont!
! Missing $ inserted.
<inserted text> 
                $
l.18 
     
I've inserted a begin-math/end-math symbol since I think
you left one out. Proceed, with fingers crossed.


Overfull \hbox (1820.69948pt too wide) in paragraph at lines 6--18
[]$[]\OT1/cmr/m/n/10 )\OML/cmm/m/it/10 message\OT1/cmr/m/n/10 ("\OML/cmm/m/it/1
0 CompilingwithGPUsupport\OT1/cmr/m/n/10 ")\OML/cmm/m/it/10 project\OT1/cmr/m/n
/10 (\OML/cmm/m/it/10 clahe\OT1/cmr/m/n/10 3\OML/cmm/m/it/10 dVERSION\OT1/cmr/m
/n/10 0\OML/cmm/m/it/10 :\OT1/cmr/m/n/10 1\OML/cmm/m/it/10 DESCRIPTION\OT1/cmr/
m/n/10 "\OML/cmm/m/it/10 Contrastlimitedadaptivehistogramequilizationin\OT1/cmr
/m/n/10 3\OML/cmm/m/it/10 D\OT1/cmr/m/n/10 "\OML/cmm/m/it/10 LANGUAGESCUDACXX\O
T1/cmr/m/n/10 )\OML/cmm/m/it/10 add[]ompile[]efinitions\OT1/cmr/m/n/10 (\OML/cm
m/m/it/10 USE[]UDA\OT1/cmr/m/n/10 )\OML/cmm/m/it/10 else\OT1/cmr/m/n/10 ()\OML/
cmm/m/it/10 message\OT1/cmr/m/n/10 ("\OML/cmm/m/it/10 CompilingwihtoutGPUsuppor
t\OT1/cmr/m/n/10 ")\OML/cmm/m/it/10 project\OT1/cmr/m/n/10 (\OML/cmm/m/it/10 cl
ahe\OT1/cmr/m/n/10 3\OML/cmm/m/it/10 dVERSION\OT1/cmr/m/n/10 0\OML/cmm/m/it/10 
:\OT1/cmr/m/n/10 1\OML/cmm/m/it/10 DESCRIPTION\OT1/cmr/m/n/10 "\OML/cmm/m/it/10
 Contrastlimitedadaptivehistogramequilizationin\OT1/cmr/m/n/10 3\OML/cmm/m/it/1
0 D\OT1/cmr/m/n/10 "\OML/cmm/m/it/10 LANGUAGESCXX\OT1/cmr/m/n/10 )\OML/cmm/m/it
/10 endif\OT1/cmr/m/n/10 ()$ 
 []


! LaTeX Error: Missing \begin{document}.

See the LaTeX manual or LaTeX Companion for explanation.
Type  H <return>  for immediate help.
 ...                                              
                                                  
l.20 i
      f(${USE_CUDA})
You're in trouble here.  Try typing  <return>  to proceed.
If that doesn't work, type  X <return>  to quit.

Missing character: There is no i in font nullfont!
Missing character: There is no f in font nullfont!
Missing character: There is no ( in font nullfont!
! Missing $ inserted.
<inserted text> 
                $
l.25 
     
I've inserted a begin-math/end-math symbol since I think
you left one out. Proceed, with fingers crossed.


Overfull \hbox (745.4462pt too wide) in paragraph at lines 20--25
[]$[]\OT1/cmr/m/n/10 )\OML/cmm/m/it/10 enable[]anguage\OT1/cmr/m/n/10 (\OML/cmm
/m/it/10 CUDA\OT1/cmr/m/n/10 )\OML/cmm/m/it/10 find[]ackage\OT1/cmr/m/n/10 (\OM
L/cmm/m/it/10 CUDAREQUIREDQUIET\OT1/cmr/m/n/10 )\OML/cmm/m/it/10 INCLUDE\OT1/cm
r/m/n/10 (\OML/cmm/m/it/10 FindCUDA\OT1/cmr/m/n/10 )\OML/cmm/m/it/10 INCLUDE[]I
RECTORIES\OT1/cmr/m/n/10 (\OML/cmm/m/it/10 =opt=cuda=includeinclude\OT1/cmr/m/n
/10 )$ 
 []


! LaTeX Error: Missing \begin{document}.

See the LaTeX manual or LaTeX Companion for explanation.
Type  H <return>  for immediate help.
 ...                                              
                                                  
l.26 	s
       et(CUDA_ATTACH_VS_BUILD_RULE_TO_CUDA_FILE OFF)
You're in trouble here.  Try typing  <return>  to proceed.
If that doesn't work, type  X <return>  to quit.

Missing character: There is no s in font nullfont!
Missing character: There is no e in font nullfont!
Missing character: There is no t in font nullfont!
Missing character: There is no ( in font nullfont!
Missing character: There is no C in font nullfont!
Missing character: There is no U in font nullfont!
Missing character: There is no D in font nullfont!
Missing character: There is no A in font nullfont!
! Missing $ inserted.
<inserted text> 
                $
l.26 	set(CUDA_
               ATTACH_VS_BUILD_RULE_TO_CUDA_FILE OFF)
I've inserted a begin-math/end-math symbol since I think
you left one out. Proceed, with fingers crossed.

! Missing $ inserted.
<inserted text> 
                $
l.28 
     
I've inserted a begin-math/end-math symbol since I think
you left one out. Proceed, with fingers crossed.


Overfull \hbox (392.95145pt too wide) in paragraph at lines 26--28
[]$[]\OML/cmm/m/it/10 TTACH[]S[]UILD[]ULE[]O[]UDA[]ILEOFF\OT1/cmr/m/n/10 )\OML/
cmm/m/it/10 set\OT1/cmr/m/n/10 (\OML/cmm/m/it/10 BUILD[]HARED[]IBSOFF\OT1/cmr/m
/n/10 )$ 
 []


! LaTeX Error: Missing \begin{document}.

See the LaTeX manual or LaTeX Companion for explanation.
Type  H <return>  for immediate help.
 ...                                              
                                                  
l.29 	s
       et(CMAKE_EXPORT_COMPILE_COMMANDS ON )
You're in trouble here.  Try typing  <return>  to proceed.
If that doesn't work, type  X <return>  to quit.

Missing character: There is no s in font nullfont!
Missing character: There is no e in font nullfont!
Missing character: There is no t in font nullfont!
Missing character: There is no ( in font nullfont!
Missing character: There is no C in font nullfont!
Missing character: There is no M in font nullfont!
Missing character: There is no A in font nullfont!
Missing character: There is no K in font nullfont!
Missing character: There is no E in font nullfont!
! Missing $ inserted.
<inserted text> 
                $
l.29 	set(CMAKE_
                EXPORT_COMPILE_COMMANDS ON )
I've inserted a begin-math/end-math symbol since I think
you left one out. Proceed, with fingers crossed.

! You can't use `macro parameter character #' in math mode.
l.30 	#
        set(CMAKE_CUDA_FLAGS "${CUDA_CUDA_FLAGS} -rdc=true -ftz=false -prec-...
Sorry, but I'm not programmed to handle this case;
I'll just pretend that you didn't ask for it.
If you're in the wrong mode, you might be able to
return to the right one by typing `I}' or `I$' or `I\par'.

Missing character: There is no C in font nullfont!
Missing character: There is no U in font nullfont!
Missing character: There is no D in font nullfont!
Missing character: There is no A in font nullfont!
! Missing $ inserted.
<inserted text> 
                $
l.30 	# set(CMAKE_CUDA_FLAGS "${CUDA_
                                     CUDA_FLAGS} -rdc=true -ftz=false -prec-...
I've inserted a begin-math/end-math symbol since I think
you left one out. Proceed, with fingers crossed.

! Extra }, or forgotten $.
l.30 	# set(CMAKE_CUDA_FLAGS "${CUDA_CUDA_FLAGS}
                                                 -rdc=true -ftz=false -prec-...
I've deleted a group-closing symbol because it seems to be
spurious, as in `$x}$'. But perhaps the } is legitimate and
you forgot something else, as in `\hbox{$x}'. In such cases
the way to recover is to insert both the forgotten and the
deleted material, e.g., by typing `I$}'.

Missing character: There is no C in font nullfont!
Missing character: There is no U in font nullfont!
Missing character: There is no D in font nullfont!
Missing character: There is no A in font nullfont!
! Missing $ inserted.
<inserted text> 
                $
l.31 	set(CMAKE_CUDA_FLAGS "${CUDA_
                                   CUDA_FLAGS} -rdc=true -Xptxas -v -O2")
I've inserted a begin-math/end-math symbol since I think
you left one out. Proceed, with fingers crossed.

! Extra }, or forgotten $.
l.31 	set(CMAKE_CUDA_FLAGS "${CUDA_CUDA_FLAGS}
                                               -rdc=true -Xptxas -v -O2")
I've deleted a group-closing symbol because it seems to be
spurious, as in `$x}$'. But perhaps the } is legitimate and
you forgot something else, as in `\hbox{$x}'. In such cases
the way to recover is to insert both the forgotten and the
deleted material, e.g., by typing `I$}'.

! Missing $ inserted.
<inserted text> 
                $
l.32 
     
I've inserted a begin-math/end-math symbol since I think
you left one out. Proceed, with fingers crossed.


Overfull \hbox (411.49492pt too wide) in paragraph at lines 29--32
[]$[]\OML/cmm/m/it/10 XPORT[]OMPILE[]OMMANDSON\OT1/cmr/m/n/10 )\OML/cmm/m/it/10
 set\OT1/cmr/m/n/10 (\OML/cmm/m/it/10 CMAKE[]UDA[]LAGS\OT1/cmr/m/n/10 "$$[]\OML
/cmm/m/it/10 UDA[]LAGS \OMS/cmsy/m/n/10 ^^@
 []


Overfull \hbox (24.8773pt too wide) in paragraph at lines 29--32
\OML/cmm/m/it/10 rdc \OT1/cmr/m/n/10 =
 []


Overfull \hbox (26.55913pt too wide) in paragraph at lines 29--32
\OML/cmm/m/it/10 true \OMS/cmsy/m/n/10 ^^@
 []


Overfull \hbox (25.22919pt too wide) in paragraph at lines 29--32
\OML/cmm/m/it/10 ftz \OT1/cmr/m/n/10 =
 []


Overfull \hbox (31.56029pt too wide) in paragraph at lines 29--32
\OML/cmm/m/it/10 false \OMS/cmsy/m/n/10 ^^@
 []


Overfull \hbox (26.58224pt too wide) in paragraph at lines 29--32
\OML/cmm/m/it/10 prec \OMS/cmsy/m/n/10 ^^@
 []


Overfull \hbox (24.41151pt too wide) in paragraph at lines 29--32
\OML/cmm/m/it/10 div \OT1/cmr/m/n/10 =
 []


Overfull \hbox (26.55913pt too wide) in paragraph at lines 29--32
\OML/cmm/m/it/10 true \OMS/cmsy/m/n/10 ^^@
 []


Overfull \hbox (26.58224pt too wide) in paragraph at lines 29--32
\OML/cmm/m/it/10 prec \OMS/cmsy/m/n/10 ^^@
 []


Overfull \hbox (28.4664pt too wide) in paragraph at lines 29--32
\OML/cmm/m/it/10 sqrt \OT1/cmr/m/n/10 =
 []


Overfull \hbox (232.4869pt too wide) in paragraph at lines 29--32
\OML/cmm/m/it/10 true\OT1/cmr/m/n/10 ")\OML/cmm/m/it/10 set\OT1/cmr/m/n/10 (\OM
L/cmm/m/it/10 CMAKE[]UDA[]LAGS\OT1/cmr/m/n/10 "$$[]\OML/cmm/m/it/10 UDA[]LAGS \
OMS/cmsy/m/n/10 ^^@
 []


Overfull \hbox (24.8773pt too wide) in paragraph at lines 29--32
\OML/cmm/m/it/10 rdc \OT1/cmr/m/n/10 =
 []


Overfull \hbox (26.55913pt too wide) in paragraph at lines 29--32
\OML/cmm/m/it/10 true \OMS/cmsy/m/n/10 ^^@
 []


Overfull \hbox (41.17825pt too wide) in paragraph at lines 29--32
\OML/cmm/m/it/10 Xptxas \OMS/cmsy/m/n/10 ^^@
 []


Overfull \hbox (12.98381pt too wide) in paragraph at lines 29--32
\OML/cmm/m/it/10 v \OMS/cmsy/m/n/10 ^^@
 []


Overfull \hbox (21.79448pt too wide) in paragraph at lines 29--32
\OML/cmm/m/it/10 O\OT1/cmr/m/n/10 2")$ 
 []


! LaTeX Error: Missing \begin{document}.

See the LaTeX manual or LaTeX Companion for explanation.
Type  H <return>  for immediate help.
 ...                                              
                                                  
l.33 	s
       et(
You're in trouble here.  Try typing  <return>  to proceed.
If that doesn't work, type  X <return>  to quit.

Missing character: There is no s in font nullfont!
Missing character: There is no e in font nullfont!
Missing character: There is no t in font nullfont!
Missing character: There is no ( in font nullfont!
Missing character: There is no C in font nullfont!
Missing character: There is no U in font nullfont!
Missing character: There is no D in font nullfont!
Missing character: There is no A in font nullfont!
! Missing $ inserted.
<inserted text> 
                $
l.34 	    CUDA_
               NVCC_FLAGS
I've inserted a begin-math/end-math symbol since I think
you left one out. Proceed, with fingers crossed.

Missing character: There is no C in font nullfont!
Missing character: There is no U in font nullfont!
Missing character: There is no D in font nullfont!
Missing character: There is no A in font nullfont!
! Missing $ inserted.
<inserted text> 
                $
l.35 			${CUDA_
               NVCC_FLAGS};
I've inserted a begin-math/end-math symbol since I think
you left one out. Proceed, with fingers crossed.

! Extra }, or forgotten $.
l.35 			${CUDA_NVCC_FLAGS}
                          ;
I've deleted a group-closing symbol because it seems to be
spurious, as in `$x}$'. But perhaps the } is legitimate and
you forgot something else, as in `\hbox{$x}'. In such cases
the way to recover is to insert both the forgotten and the
deleted material, e.g., by typing `I$}'.

! Missing $ inserted.
<inserted text> 
                $
l.38 
     
I've inserted a begin-math/end-math symbol since I think
you left one out. Proceed, with fingers crossed.


Overfull \hbox (20.0pt too wide) in paragraph at lines 33--38
[]
 []


Overfull \hbox (168.11609pt too wide) in paragraph at lines 33--38
[]\OML/cmm/m/it/10 VCC[]LAGS$$[]VCC[]LAGS\OT1/cmr/m/n/10 ; \OMS/cmsy/m/n/10 ^^@
\OML/cmm/m/it/10 xcu \OMS/cmsy/m/n/10 ^^@
 []


Overfull \hbox (24.8773pt too wide) in paragraph at lines 33--38
\OML/cmm/m/it/10 rdc \OT1/cmr/m/n/10 =
 []


Overfull \hbox (26.55913pt too wide) in paragraph at lines 33--38
\OML/cmm/m/it/10 true \OMS/cmsy/m/n/10 ^^@
 []


Overfull \hbox (25.22919pt too wide) in paragraph at lines 33--38
\OML/cmm/m/it/10 ftz \OT1/cmr/m/n/10 =
 []


Overfull \hbox (31.56029pt too wide) in paragraph at lines 33--38
\OML/cmm/m/it/10 false \OMS/cmsy/m/n/10 ^^@
 []


Overfull \hbox (26.58224pt too wide) in paragraph at lines 33--38
\OML/cmm/m/it/10 prec \OMS/cmsy/m/n/10 ^^@
 []


Overfull \hbox (24.41151pt too wide) in paragraph at lines 33--38
\OML/cmm/m/it/10 div \OT1/cmr/m/n/10 =
 []


Overfull \hbox (26.55913pt too wide) in paragraph at lines 33--38
\OML/cmm/m/it/10 true \OMS/cmsy/m/n/10 ^^@
 []


Overfull \hbox (26.58224pt too wide) in paragraph at lines 33--38
\OML/cmm/m/it/10 prec \OMS/cmsy/m/n/10 ^^@
 []


Overfull \hbox (28.4664pt too wide) in paragraph at lines 33--38
\OML/cmm/m/it/10 sqrt \OT1/cmr/m/n/10 =
 []


Overfull \hbox (26.55913pt too wide) in paragraph at lines 33--38
\OML/cmm/m/it/10 true \OMS/cmsy/m/n/10 ^^@
 []


Overfull \hbox (9.01736pt too wide) in paragraph at lines 33--38
\OML/cmm/m/it/10 g\OT1/cmr/m/n/10 )$ 
 []

! You can't use `macro parameter character #' in vertical mode.
l.39 	#
        please adapt this to the correct architecture for your device
Sorry, but I'm not programmed to handle this case;
I'll just pretend that you didn't ask for it.
If you're in the wrong mode, you might be able to
return to the right one by typing `I}' or `I$' or `I\par'.


! LaTeX Error: Missing \begin{document}.

See the LaTeX manual or LaTeX Companion for explanation.
Type  H <return>  for immediate help.
 ...                                              
                                                  
l.39 	# p
         lease adapt this to the correct architecture for your device
You're in trouble here.  Try typing  <return>  to proceed.
If that doesn't work, type  X <return>  to quit.

Missing character: There is no p in font nullfont!
Missing character: There is no l in font nullfont!
Missing character: There is no e in font nullfont!
Missing character: There is no a in font nullfont!
Missing character: There is no s in font nullfont!
Missing character: There is no e in font nullfont!
Missing character: There is no a in font nullfont!
Missing character: There is no d in font nullfont!
Missing character: There is no a in font nullfont!
Missing character: There is no p in font nullfont!
Missing character: There is no t in font nullfont!
Missing character: There is no t in font nullfont!
Missing character: There is no h in font nullfont!
Missing character: There is no i in font nullfont!
Missing character: There is no s in font nullfont!
Missing character: There is no t in font nullfont!
Missing character: There is no o in font nullfont!
Missing character: There is no t in font nullfont!
Missing character: There is no h in font nullfont!
Missing character: There is no e in font nullfont!
Missing character: There is no c in font nullfont!
Missing character: There is no o in font nullfont!
Missing character: There is no r in font nullfont!
Missing character: There is no r in font nullfont!
Missing character: There is no e in font nullfont!
Missing character: There is no c in font nullfont!
Missing character: There is no t in font nullfont!
Missing character: There is no a in font nullfont!
Missing character: There is no r in font nullfont!
Missing character: There is no c in font nullfont!
Missing character: There is no h in font nullfont!
Missing character: There is no i in font nullfont!
Missing character: There is no t in font nullfont!
Missing character: There is no e in font nullfont!
Missing character: There is no c in font nullfont!
Missing character: There is no t in font nullfont!
Missing character: There is no u in font nullfont!
Missing character: There is no r in font nullfont!
Missing character: There is no e in font nullfont!
Missing character: There is no f in font nullfont!
Missing character: There is no o in font nullfont!
Missing character: There is no r in font nullfont!
Missing character: There is no y in font nullfont!
Missing character: There is no o in font nullfont!
Missing character: There is no u in font nullfont!
Missing character: There is no r in font nullfont!
Missing character: There is no d in font nullfont!
Missing character: There is no e in font nullfont!
Missing character: There is no v in font nullfont!
Missing character: There is no i in font nullfont!
Missing character: There is no c in font nullfont!
Missing character: There is no e in font nullfont!
Missing character: There is no S in font nullfont!
Missing character: There is no E in font nullfont!
Missing character: There is no T in font nullfont!
Missing character: There is no ( in font nullfont!
Missing character: There is no C in font nullfont!
Missing character: There is no M in font nullfont!
Missing character: There is no A in font nullfont!
Missing character: There is no K in font nullfont!
Missing character: There is no E in font nullfont!
! Missing $ inserted.
<inserted text> 
                $
l.40 	SET(CMAKE_
                CUDA_ARCHITECTURES 75)
I've inserted a begin-math/end-math symbol since I think
you left one out. Proceed, with fingers crossed.

! Missing $ inserted.
<inserted text> 
                $
l.41 
     
I've inserted a begin-math/end-math symbol since I think
you left one out. Proceed, with fingers crossed.


Overfull \hbox (20.0pt too wide) in paragraph at lines 39--41
[]
 []


Overfull \hbox (141.48288pt too wide) in paragraph at lines 39--41
[]\OML/cmm/m/it/10 UDA[]RCHITECTURES\OT1/cmr/m/n/10 75)$ 
 []


! LaTeX Error: Missing \begin{document}.

See the LaTeX manual or LaTeX Companion for explanation.
Type  H <return>  for immediate help.
 ...                                              
                                                  
l.42 e
      ndif()
You're in trouble here.  Try typing  <return>  to proceed.
If that doesn't work, type  X <return>  to quit.

Missing character: There is no e in font nullfont!
Missing character: There is no n in font nullfont!
Missing character: There is no d in font nullfont!
Missing character: There is no i in font nullfont!
Missing character: There is no f in font nullfont!
Missing character: There is no ( in font nullfont!
Missing character: There is no ) in font nullfont!

Overfull \hbox (20.0pt too wide) in paragraph at lines 42--43
[] 
 []


! LaTeX Error: Missing \begin{document}.

See the LaTeX manual or LaTeX Companion for explanation.
Type  H <return>  for immediate help.
 ...                                              
                                                  
l.44 a
      dd_subdirectory(lib/)
You're in trouble here.  Try typing  <return>  to proceed.
If that doesn't work, type  X <return>  to quit.

Missing character: There is no a in font nullfont!
Missing character: There is no d in font nullfont!
Missing character: There is no d in font nullfont!
! Missing $ inserted.
<inserted text> 
                $
l.44 add_
         subdirectory(lib/)
I've inserted a begin-math/end-math symbol since I think
you left one out. Proceed, with fingers crossed.

! Missing $ inserted.
<inserted text> 
                $
l.47 
     
I've inserted a begin-math/end-math symbol since I think
you left one out. Proceed, with fingers crossed.


Overfull \hbox (307.0937pt too wide) in paragraph at lines 44--47
[]$[]\OML/cmm/m/it/10 ubdirectory\OT1/cmr/m/n/10 (\OML/cmm/m/it/10 lib=\OT1/cmr
/m/n/10 )\OML/cmm/m/it/10 add[]ubdirectory\OT1/cmr/m/n/10 (\OML/cmm/m/it/10 src
=\OT1/cmr/m/n/10 )\OML/cmm/m/it/10 add[]ubdirectory\OT1/cmr/m/n/10 (\OML/cmm/m/
it/10 utests=\OT1/cmr/m/n/10 )$ 
 []


! LaTeX Error: Missing \begin{document}.

See the LaTeX manual or LaTeX Companion for explanation.
Type  H <return>  for immediate help.
 ...                                              
                                                  
l.48 s
      et(CMAKE_CXX_STANDARD 17)
You're in trouble here.  Try typing  <return>  to proceed.
If that doesn't work, type  X <return>  to quit.

Missing character: There is no s in font nullfont!
Missing character: There is no e in font nullfont!
Missing character: There is no t in font nullfont!
Missing character: There is no ( in font nullfont!
Missing character: There is no C in font nullfont!
Missing character: There is no M in font nullfont!
Missing character: There is no A in font nullfont!
Missing character: There is no K in font nullfont!
Missing character: There is no E in font nullfont!
! Missing $ inserted.
<inserted text> 
                $
l.48 set(CMAKE_
               CXX_STANDARD 17)
I've inserted a begin-math/end-math symbol since I think
you left one out. Proceed, with fingers crossed.

! Missing $ inserted.
<inserted text> 
                $
l.50 
     
I've inserted a begin-math/end-math symbol since I think
you left one out. Proceed, with fingers crossed.


Overfull \hbox (347.60733pt too wide) in paragraph at lines 48--50
[]$[]\OML/cmm/m/it/10 XX[]TANDARD\OT1/cmr/m/n/10 17)\OML/cmm/m/it/10 set\OT1/cm
r/m/n/10 (\OML/cmm/m/it/10 CMAKE[]XX[]TANDARD[]EQUIREDtrue\OT1/cmr/m/n/10 )$ 
 []

! You can't use `macro parameter character #' in vertical mode.
l.51 #
       add some flags for profiling
Sorry, but I'm not programmed to handle this case;
I'll just pretend that you didn't ask for it.
If you're in the wrong mode, you might be able to
return to the right one by typing `I}' or `I$' or `I\par'.


! LaTeX Error: Missing \begin{document}.

See the LaTeX manual or LaTeX Companion for explanation.
Type  H <return>  for immediate help.
 ...                                              
                                                  
l.51 # a
        dd some flags for profiling
You're in trouble here.  Try typing  <return>  to proceed.
If that doesn't work, type  X <return>  to quit.

Missing character: There is no a in font nullfont!
Missing character: There is no d in font nullfont!
Missing character: There is no d in font nullfont!
Missing character: There is no s in font nullfont!
Missing character: There is no o in font nullfont!
Missing character: There is no m in font nullfont!
Missing character: There is no e in font nullfont!
Missing character: There is no f in font nullfont!
Missing character: There is no l in font nullfont!
Missing character: There is no a in font nullfont!
Missing character: There is no g in font nullfont!
Missing character: There is no s in font nullfont!
Missing character: There is no f in font nullfont!
Missing character: There is no o in font nullfont!
Missing character: There is no r in font nullfont!
Missing character: There is no p in font nullfont!
Missing character: There is no r in font nullfont!
Missing character: There is no o in font nullfont!
Missing character: There is no f in font nullfont!
Missing character: There is no i in font nullfont!
Missing character: There is no l in font nullfont!
Missing character: There is no i in font nullfont!
Missing character: There is no n in font nullfont!
Missing character: There is no g in font nullfont!
Missing character: There is no S in font nullfont!
Missing character: There is no E in font nullfont!
Missing character: There is no T in font nullfont!
Missing character: There is no ( in font nullfont!
Missing character: There is no C in font nullfont!
Missing character: There is no M in font nullfont!
Missing character: There is no A in font nullfont!
Missing character: There is no K in font nullfont!
Missing character: There is no E in font nullfont!
! Missing $ inserted.
<inserted text> 
                $
l.52 SET(CMAKE_
               CXX_FLAGS "${CMAKE_CXX_FLAGS} -pg -lpthread") # for profiling...
I've inserted a begin-math/end-math symbol since I think
you left one out. Proceed, with fingers crossed.

Missing character: There is no C in font nullfont!
Missing character: There is no M in font nullfont!
Missing character: There is no A in font nullfont!
Missing character: There is no K in font nullfont!
Missing character: There is no E in font nullfont!
! Missing $ inserted.
<inserted text> 
                $
l.52 SET(CMAKE_CXX_FLAGS "${CMAKE_
                                  CXX_FLAGS} -pg -lpthread") # for profiling...
I've inserted a begin-math/end-math symbol since I think
you left one out. Proceed, with fingers crossed.

! Extra }, or forgotten $.
l.52 SET(CMAKE_CXX_FLAGS "${CMAKE_CXX_FLAGS}
                                             -pg -lpthread") # for profiling...
I've deleted a group-closing symbol because it seems to be
spurious, as in `$x}$'. But perhaps the } is legitimate and
you forgot something else, as in `\hbox{$x}'. In such cases
the way to recover is to insert both the forgotten and the
deleted material, e.g., by typing `I$}'.

! You can't use `macro parameter character #' in math mode.
l.52 ...LAGS "${CMAKE_CXX_FLAGS} -pg -lpthread") #
                                                   for profiling of the code...
Sorry, but I'm not programmed to handle this case;
I'll just pretend that you didn't ask for it.
If you're in the wrong mode, you might be able to
return to the right one by typing `I}' or `I$' or `I\par'.

Missing character: There is no C in font nullfont!
Missing character: There is no M in font nullfont!
Missing character: There is no A in font nullfont!
Missing character: There is no K in font nullfont!
Missing character: There is no E in font nullfont!
! Missing $ inserted.
<inserted text> 
                $
l.53 SET(CMAKE_EXE_LINKER_FLAGS "${CMAKE_
                                         EXE_LINKER_FLAGS} -pg")
I've inserted a begin-math/end-math symbol since I think
you left one out. Proceed, with fingers crossed.

! Extra }, or forgotten $.
l.53 ...XE_LINKER_FLAGS "${CMAKE_EXE_LINKER_FLAGS}
                                                   -pg")
I've deleted a group-closing symbol because it seems to be
spurious, as in `$x}$'. But perhaps the } is legitimate and
you forgot something else, as in `\hbox{$x}'. In such cases
the way to recover is to insert both the forgotten and the
deleted material, e.g., by typing `I$}'.

Missing character: There is no C in font nullfont!
Missing character: There is no M in font nullfont!
Missing character: There is no A in font nullfont!
Missing character: There is no K in font nullfont!
Missing character: There is no E in font nullfont!
! Missing $ inserted.
<inserted text> 
                $
l.54 SET(CMAKE_SHARED_LINKER_FLAGS "${CMAKE_
                                            SHARED_LINKER_FLAGS} -pg")
I've inserted a begin-math/end-math symbol since I think
you left one out. Proceed, with fingers crossed.

! Extra }, or forgotten $.
l.54 ...LINKER_FLAGS "${CMAKE_SHARED_LINKER_FLAGS}
                                                   -pg")
I've deleted a group-closing symbol because it seems to be
spurious, as in `$x}$'. But perhaps the } is legitimate and
you forgot something else, as in `\hbox{$x}'. In such cases
the way to recover is to insert both the forgotten and the
deleted material, e.g., by typing `I$}'.

! Missing $ inserted.
<inserted text> 
                $
l.55 
     
I've inserted a begin-math/end-math symbol since I think
you left one out. Proceed, with fingers crossed.


Overfull \hbox (20.0pt too wide) in paragraph at lines 51--55
[]
 []


Overfull \hbox (131.98677pt too wide) in paragraph at lines 51--55
[]\OML/cmm/m/it/10 XX[]LAGS\OT1/cmr/m/n/10 "$$[]\OML/cmm/m/it/10 XX[]LAGS \OMS/
cmsy/m/n/10 ^^@
 []


Overfull \hbox (17.93752pt too wide) in paragraph at lines 51--55
\OML/cmm/m/it/10 pg \OMS/cmsy/m/n/10 ^^@
 []


Overfull \hbox (487.37675pt too wide) in paragraph at lines 51--55
\OML/cmm/m/it/10 lpthread\OT1/cmr/m/n/10 ")\OML/cmm/m/it/10 forprofilingoftheco
deusinggprofSET\OT1/cmr/m/n/10 (\OML/cmm/m/it/10 CMAKE[]XE[]INKER[]LAGS\OT1/cmr
/m/n/10 "$$[]\OML/cmm/m/it/10 XE[]INKER[]LAGS \OMS/cmsy/m/n/10 ^^@
 []


Overfull \hbox (354.16148pt too wide) in paragraph at lines 51--55
\OML/cmm/m/it/10 pg\OT1/cmr/m/n/10 ")\OML/cmm/m/it/10 SET\OT1/cmr/m/n/10 (\OML/
cmm/m/it/10 CMAKE[]HARED[]INKER[]LAGS\OT1/cmr/m/n/10 "$$[]\OML/cmm/m/it/10 HARE
D[]INKER[]LAGS \OMS/cmsy/m/n/10 ^^@
 []


Overfull \hbox (19.04863pt too wide) in paragraph at lines 51--55
\OML/cmm/m/it/10 pg\OT1/cmr/m/n/10 ")$ 
 []


! LaTeX Error: Missing \begin{document}.

See the LaTeX manual or LaTeX Companion for explanation.
Type  H <return>  for immediate help.
 ...                                              
                                                  
l.56 a
      dd_executable(main_exp src/main.cpp)
You're in trouble here.  Try typing  <return>  to proceed.
If that doesn't work, type  X <return>  to quit.

Missing character: There is no a in font nullfont!
Missing character: There is no d in font nullfont!
Missing character: There is no d in font nullfont!
! Missing $ inserted.
<inserted text> 
                $
l.56 add_
         executable(main_exp src/main.cpp)
I've inserted a begin-math/end-math symbol since I think
you left one out. Proceed, with fingers crossed.

! Missing $ inserted.
<inserted text> 
                $
l.59 
     
I've inserted a begin-math/end-math symbol since I think
you left one out. Proceed, with fingers crossed.


Overfull \hbox (598.50252pt too wide) in paragraph at lines 56--59
[]$[]\OML/cmm/m/it/10 xecutable\OT1/cmr/m/n/10 (\OML/cmm/m/it/10 main[]xpsrc=ma
in:cpp\OT1/cmr/m/n/10 )\OML/cmm/m/it/10 target[]ink[]ibraries\OT1/cmr/m/n/10 (\
OML/cmm/m/it/10 main[]xpPUBLICHisteq\OT1/cmr/m/n/10 )\OML/cmm/m/it/10 install\O
T1/cmr/m/n/10 (\OML/cmm/m/it/10 TARGETSmain[]xpDESTINATIONbin\OT1/cmr/m/n/10 )$
 
 []


! LaTeX Error: Missing \begin{document}.

See the LaTeX manual or LaTeX Companion for explanation.
Type  H <return>  for immediate help.
 ...                                              
                                                  
l.60 a
      dd_executable(clahe3d_scripted src/clahe3d_scripted.cpp)
You're in trouble here.  Try typing  <return>  to proceed.
If that doesn't work, type  X <return>  to quit.

Missing character: There is no a in font nullfont!
Missing character: There is no d in font nullfont!
Missing character: There is no d in font nullfont!
! Missing $ inserted.
<inserted text> 
                $
l.60 add_
         executable(clahe3d_scripted src/clahe3d_scripted.cpp)
I've inserted a begin-math/end-math symbol since I think
you left one out. Proceed, with fingers crossed.

! Missing $ inserted.
<inserted text> 
                $
l.63 
     
I've inserted a begin-math/end-math symbol since I think
you left one out. Proceed, with fingers crossed.


Overfull \hbox (769.59743pt too wide) in paragraph at lines 60--63
[]$[]\OML/cmm/m/it/10 xecutable\OT1/cmr/m/n/10 (\OML/cmm/m/it/10 clahe\OT1/cmr/
m/n/10 3\OML/cmm/m/it/10 d[]criptedsrc=clahe\OT1/cmr/m/n/10 3\OML/cmm/m/it/10 d
[]cripted:cpp\OT1/cmr/m/n/10 )\OML/cmm/m/it/10 target[]ink[]ibraries\OT1/cmr/m/
n/10 (\OML/cmm/m/it/10 clahe\OT1/cmr/m/n/10 3\OML/cmm/m/it/10 d[]criptedPUBLICH
isteqVolume\OT1/cmr/m/n/10 )\OML/cmm/m/it/10 install\OT1/cmr/m/n/10 (\OML/cmm/m
/it/10 TARGETSclahe\OT1/cmr/m/n/10 3\OML/cmm/m/it/10 d[]criptedDESTINATIONbin\O
T1/cmr/m/n/10 )$ 
 []

! You can't use `macro parameter character #' in vertical mode.
l.64 #
       gui specific stuff
Sorry, but I'm not programmed to handle this case;
I'll just pretend that you didn't ask for it.
If you're in the wrong mode, you might be able to
return to the right one by typing `I}' or `I$' or `I\par'.


! LaTeX Error: Missing \begin{document}.

See the LaTeX manual or LaTeX Companion for explanation.
Type  H <return>  for immediate help.
 ...                                              
                                                  
l.64 # g
        ui specific stuff
You're in trouble here.  Try typing  <return>  to proceed.
If that doesn't work, type  X <return>  to quit.

Missing character: There is no g in font nullfont!
Missing character: There is no u in font nullfont!
Missing character: There is no i in font nullfont!
Missing character: There is no s in font nullfont!
Missing character: There is no p in font nullfont!
Missing character: There is no e in font nullfont!
Missing character: There is no c in font nullfont!
Missing character: There is no i in font nullfont!
Missing character: There is no f in font nullfont!
Missing character: There is no i in font nullfont!
Missing character: There is no c in font nullfont!
Missing character: There is no s in font nullfont!
Missing character: There is no t in font nullfont!
Missing character: There is no u in font nullfont!
Missing character: There is no f in font nullfont!
Missing character: There is no f in font nullfont!
Missing character: There is no i in font nullfont!
Missing character: There is no f in font nullfont!
Missing character: There is no ( in font nullfont!
! Missing $ inserted.
<inserted text> 
                $
l.71 
     
I've inserted a begin-math/end-math symbol since I think
you left one out. Proceed, with fingers crossed.


Overfull \hbox (20.0pt too wide) in paragraph at lines 64--71
[]
 []


Overfull \hbox (797.60732pt too wide) in paragraph at lines 64--71
[]\OT1/cmr/m/n/10 )\OML/cmm/m/it/10 set\OT1/cmr/m/n/10 (\OML/cmm/m/it/10 OpenGL
[]L[]REFERENCEGLVND\OT1/cmr/m/n/10 )\OML/cmm/m/it/10 cmake[]olicy\OT1/cmr/m/n/1
0 (\OML/cmm/m/it/10 SETCMP\OT1/cmr/m/n/10 0079\OML/cmm/m/it/10 NEW\OT1/cmr/m/n/
10 )\OML/cmm/m/it/10 add[]xecutable\OT1/cmr/m/n/10 (\OML/cmm/m/it/10 main[]uisr
c=main[]ui:cpp\OT1/cmr/m/n/10 )\OML/cmm/m/it/10 target[]ink[]ibraries\OT1/cmr/m
/n/10 (\OML/cmm/m/it/10 main[]uiPUBLICGui\OT1/cmr/m/n/10 )\OML/cmm/m/it/10 endi
f\OT1/cmr/m/n/10 ()$ 
 []


! LaTeX Error: Missing \begin{document}.

See the LaTeX manual or LaTeX Companion for explanation.
Type  H <return>  for immediate help.
 ...                                              
                                                  
l.73 a
      dd_test(NAME test_proc COMMAND UtestProc)
You're in trouble here.  Try typing  <return>  to proceed.
If that doesn't work, type  X <return>  to quit.

Missing character: There is no a in font nullfont!
Missing character: There is no d in font nullfont!
Missing character: There is no d in font nullfont!
! Missing $ inserted.
<inserted text> 
                $
l.73 add_
         test(NAME test_proc COMMAND UtestProc)
I've inserted a begin-math/end-math symbol since I think
you left one out. Proceed, with fingers crossed.

! Missing $ inserted.
<inserted text> 
                $
l.84 
     
I've inserted a begin-math/end-math symbol since I think
you left one out. Proceed, with fingers crossed.


Overfull \hbox (2871.3351pt too wide) in paragraph at lines 73--84
[]$[]\OML/cmm/m/it/10 est\OT1/cmr/m/n/10 (\OML/cmm/m/it/10 NAMEtest[]rocCOMMAND
UtestProc\OT1/cmr/m/n/10 )\OML/cmm/m/it/10 add[]est\OT1/cmr/m/n/10 (\OML/cmm/m/
it/10 NAMEtest[]verwriteCOMMANDUtestOverwrite\OT1/cmr/m/n/10 )\OML/cmm/m/it/10 
add[]est\OT1/cmr/m/n/10 (\OML/cmm/m/it/10 NAMEtest[]oiseLevelCOMMANDUtestNoiseL
evel\OT1/cmr/m/n/10 )\OML/cmm/m/it/10 add[]est\OT1/cmr/m/n/10 (\OML/cmm/m/it/10
 NAMEtest[]inarizationCOMMANDUtestBinarization\OT1/cmr/m/n/10 )\OML/cmm/m/it/10
 add[]est\OT1/cmr/m/n/10 (\OML/cmm/m/it/10 NAMEtest[]ector\OT1/cmr/m/n/10 3\OML
/cmm/m/it/10 COMMANDUtestVector\OT1/cmr/m/n/10 3)\OML/cmm/m/it/10 add[]est\OT1/
cmr/m/n/10 (\OML/cmm/m/it/10 NAMEtest[]enfiltCOMMANDUtestGenfilt\OT1/cmr/m/n/10
 )\OML/cmm/m/it/10 add[]est\OT1/cmr/m/n/10 (\OML/cmm/m/it/10 NAMEtest[]eanfiltC
OMMANDUtestMeanfilt\OT1/cmr/m/n/10 )\OML/cmm/m/it/10 add[]est\OT1/cmr/m/n/10 (\
OML/cmm/m/it/10 NAMEtest[]aussfiltCOMMANDUtestGaussfilt\OT1/cmr/m/n/10 )\OML/cm
m/m/it/10 add[]est\OT1/cmr/m/n/10 (\OML/cmm/m/it/10 NAMEtest[]edianfiltCOMMANDU
testMedianfilt\OT1/cmr/m/n/10 )\OML/cmm/m/it/10 add[]est\OT1/cmr/m/n/10 (\OML/c
mm/m/it/10 NAMEtest[]ormalizerCOMMANDUtestNormalizer\OT1/cmr/m/n/10 )\OML/cmm/m
/it/10 add[]est\OT1/cmr/m/n/10 (\OML/cmm/m/it/10 NAMEtest[]exerCOMMANDUtestLexe
r\OT1/cmr/m/n/10 )$ 
 []


! LaTeX Error: Missing \begin{document}.

See the LaTeX manual or LaTeX Companion for explanation.
Type  H <return>  for immediate help.
 ...                                              
                                                  
l.86 i
      f(${USE_CUDA})
You're in trouble here.  Try typing  <return>  to proceed.
If that doesn't work, type  X <return>  to quit.

Missing character: There is no i in font nullfont!
Missing character: There is no f in font nullfont!
Missing character: There is no ( in font nullfont!
! Missing $ inserted.
<inserted text> 
                $
l.92 
     
I've inserted a begin-math/end-math symbol since I think
you left one out. Proceed, with fingers crossed.


Overfull \hbox (1090.34767pt too wide) in paragraph at lines 86--92
[]$[]\OT1/cmr/m/n/10 )\OML/cmm/m/it/10 add[]est\OT1/cmr/m/n/10 (\OML/cmm/m/it/1
0 NAMEtest[]roc[]puCOMMANDUtestProcGpu\OT1/cmr/m/n/10 )\OML/cmm/m/it/10 add[]es
t\OT1/cmr/m/n/10 (\OML/cmm/m/it/10 NAMEtest[]df[]puCOMMANDUtestCdfGpu\OT1/cmr/m
/n/10 )\OML/cmm/m/it/10 add[]est\OT1/cmr/m/n/10 (\OML/cmm/m/it/10 NAMEtest[]q[]
puCOMMANDUtestEqGpu\OT1/cmr/m/n/10 )\OML/cmm/m/it/10 add[]est\OT1/cmr/m/n/10 (\
OML/cmm/m/it/10 NAMEtest[]pu[]ullCOMMANDUtestGpuFull\OT1/cmr/m/n/10 )\OML/cmm/m
/it/10 endif\OT1/cmr/m/n/10 ()$ 
 []


! LaTeX Error: Missing \begin{document}.

See the LaTeX manual or LaTeX Companion for explanation.
Type  H <return>  for immediate help.
 ...                                              
                                                  
l.93 e
      nable_testing() # this cannot be in subdirectory!
You're in trouble here.  Try typing  <return>  to proceed.
If that doesn't work, type  X <return>  to quit.

Missing character: There is no e in font nullfont!
Missing character: There is no n in font nullfont!
Missing character: There is no a in font nullfont!
Missing character: There is no b in font nullfont!
Missing character: There is no l in font nullfont!
Missing character: There is no e in font nullfont!
! Missing $ inserted.
<inserted text> 
                $
l.93 enable_
            testing() # this cannot be in subdirectory!
I've inserted a begin-math/end-math symbol since I think
you left one out. Proceed, with fingers crossed.

! You can't use `macro parameter character #' in math mode.
l.93 enable_testing() #
                        this cannot be in subdirectory!
Sorry, but I'm not programmed to handle this case;
I'll just pretend that you didn't ask for it.
If you're in the wrong mode, you might be able to
return to the right one by typing `I}' or `I$' or `I\par'.

)
! Emergency stop.
<*> /home/hofmannu/Code/CLAHE3D/CMakeLists.txt
                                              
*** (job aborted, no legal \end found)

 
Here is how much of TeX's memory you used:
 20 strings out of 478353
 554 string characters out of 5854634
 303866 words of memory out of 5000000
 18246 multiletter control sequences out of 15000+600000
 403430 words of font info for 27 fonts, out of 8000000 for 9000
 1141 hyphenation exceptions out of 8191
 18i,2n,12p,142b,56s stack positions out of 5000i,500n,10000p,200000b,80000s
!  ==> Fatal error occurred, no output PDF file produced!
