The system is: Linux - 5.15.19-1-lts - x86_64
Compiling the CXX compiler identification source file "CMakeCXXCompilerId.cpp" succeeded.
Compiler: /usr/bin/c++ 
Build flags: 
Id flags:  

The output was:
0


Compilation of the CXX compiler identification source "CMakeCXXCompilerId.cpp" produced "a.out"

The CXX compiler identification is GNU, found in "/home/hofmannu/Code/CLAHE3D/Debug/CMakeFiles/3.22.2/CompilerIdCXX/a.out"

Detecting CXX compiler ABI info compiled with the following output:
Change Dir: /home/hofmannu/Code/CLAHE3D/Debug/CMakeFiles/CMakeTmp

Run Build Command(s):/usr/local/MATLAB/R2019b/bin/glnxa64/gmake -f Makefile cmTC_8d94f/fast && /usr/local/MATLAB/R2019b/bin/glnxa64/gmake  -f CMakeFiles/cmTC_8d94f.dir/build.make CMakeFiles/cmTC_8d94f.dir/build
gmake[1]: Entering directory `/home/hofmannu/Code/CLAHE3D/Debug/CMakeFiles/CMakeTmp'
Building CXX object CMakeFiles/cmTC_8d94f.dir/CMakeCXXCompilerABI.cpp.o
/usr/bin/c++   -v -o CMakeFiles/cmTC_8d94f.dir/CMakeCXXCompilerABI.cpp.o -c /usr/share/cmake/Modules/CMakeCXXCompilerABI.cpp
Using built-in specs.
COLLECT_GCC=/usr/bin/c++
Target: x86_64-pc-linux-gnu
Configured with: /build/gcc/src/gcc/configure --prefix=/usr --libdir=/usr/lib --libexecdir=/usr/lib --mandir=/usr/share/man --infodir=/usr/share/info --with-bugurl=https://bugs.archlinux.org/ --enable-languages=c,c++,ada,fortran,go,lto,objc,obj-c++,d --with-isl --with-linker-hash-style=gnu --with-system-zlib --enable-__cxa_atexit --enable-cet=auto --enable-checking=release --enable-clocale=gnu --enable-default-pie --enable-default-ssp --enable-gnu-indirect-function --enable-gnu-unique-object --enable-install-libiberty --enable-linker-build-id --enable-lto --enable-multilib --enable-plugin --enable-shared --enable-threads=posix --disable-libssp --disable-libstdcxx-pch --disable-libunwind-exceptions --disable-werror gdc_include_dir=/usr/include/dlang/gdc
Thread model: posix
Supported LTO compression algorithms: zlib zstd
gcc version 11.1.0 (GCC) 
COLLECT_GCC_OPTIONS='-v' '-o' 'CMakeFiles/cmTC_8d94f.dir/CMakeCXXCompilerABI.cpp.o' '-c' '-shared-libgcc' '-mtune=generic' '-march=x86-64' '-dumpdir' 'CMakeFiles/cmTC_8d94f.dir/'
 /usr/lib/gcc/x86_64-pc-linux-gnu/11.1.0/cc1plus -quiet -v -D_GNU_SOURCE /usr/share/cmake/Modules/CMakeCXXCompilerABI.cpp -quiet -dumpdir CMakeFiles/cmTC_8d94f.dir/ -dumpbase CMakeCXXCompilerABI.cpp.cpp -dumpbase-ext .cpp -mtune=generic -march=x86-64 -version -o /tmp/ccU7K5hK.s
GNU C++17 (GCC) version 11.1.0 (x86_64-pc-linux-gnu)
	compiled by GNU C version 11.1.0, GMP version 6.2.1, MPFR version 4.1.0-p13, MPC version 1.2.1, isl version isl-0.24-GMP

GGC heuristics: --param ggc-min-expand=100 --param ggc-min-heapsize=131072
ignoring nonexistent directory "/usr/lib/gcc/x86_64-pc-linux-gnu/11.1.0/../../../../x86_64-pc-linux-gnu/include"
#include "..." search starts here:
#include <...> search starts here:
 /usr/lib/gcc/x86_64-pc-linux-gnu/11.1.0/../../../../include/c++/11.1.0
 /usr/lib/gcc/x86_64-pc-linux-gnu/11.1.0/../../../../include/c++/11.1.0/x86_64-pc-linux-gnu
 /usr/lib/gcc/x86_64-pc-linux-gnu/11.1.0/../../../../include/c++/11.1.0/backward
 /usr/lib/gcc/x86_64-pc-linux-gnu/11.1.0/include
 /usr/local/include
 /usr/lib/gcc/x86_64-pc-linux-gnu/11.1.0/include-fixed
 /usr/include
End of search list.
GNU C++17 (GCC) version 11.1.0 (x86_64-pc-linux-gnu)
	compiled by GNU C version 11.1.0, GMP version 6.2.1, MPFR version 4.1.0-p13, MPC version 1.2.1, isl version isl-0.24-GMP

GGC heuristics: --param ggc-min-expand=100 --param ggc-min-heapsize=131072
Compiler executable checksum: e6d85a433da2a6385241e28f4582b1d3
COLLECT_GCC_OPTIONS='-v' '-o' 'CMakeFiles/cmTC_8d94f.dir/CMakeCXXCompilerABI.cpp.o' '-c' '-shared-libgcc' '-mtune=generic' '-march=x86-64' '-dumpdir' 'CMakeFiles/cmTC_8d94f.dir/'
 as -v --64 -o CMakeFiles/cmTC_8d94f.dir/CMakeCXXCompilerABI.cpp.o /tmp/ccU7K5hK.s
GNU assembler version 2.36.1 (x86_64-pc-linux-gnu) using BFD version (GNU Binutils) 2.36.1
COMPILER_PATH=/usr/lib/gcc/x86_64-pc-linux-gnu/11.1.0/:/usr/lib/gcc/x86_64-pc-linux-gnu/11.1.0/:/usr/lib/gcc/x86_64-pc-linux-gnu/:/usr/lib/gcc/x86_64-pc-linux-gnu/11.1.0/:/usr/lib/gcc/x86_64-pc-linux-gnu/
LIBRARY_PATH=/usr/lib/gcc/x86_64-pc-linux-gnu/11.1.0/:/usr/lib/gcc/x86_64-pc-linux-gnu/11.1.0/../../../../lib/:/lib/../lib/:/usr/lib/../lib/:/usr/lib/gcc/x86_64-pc-linux-gnu/11.1.0/../../../:/lib/:/usr/lib/
COLLECT_GCC_OPTIONS='-v' '-o' 'CMakeFiles/cmTC_8d94f.dir/CMakeCXXCompilerABI.cpp.o' '-c' '-shared-libgcc' '-mtune=generic' '-march=x86-64' '-dumpdir' 'CMakeFiles/cmTC_8d94f.dir/CMakeCXXCompilerABI.cpp.'
Linking CXX executable cmTC_8d94f
/usr/bin/cmake -E cmake_link_script CMakeFiles/cmTC_8d94f.dir/link.txt --verbose=1
/usr/bin/c++  -v CMakeFiles/cmTC_8d94f.dir/CMakeCXXCompilerABI.cpp.o -o cmTC_8d94f 
Using built-in specs.
COLLECT_GCC=/usr/bin/c++
COLLECT_LTO_WRAPPER=/usr/lib/gcc/x86_64-pc-linux-gnu/11.1.0/lto-wrapper
Target: x86_64-pc-linux-gnu
Configured with: /build/gcc/src/gcc/configure --prefix=/usr --libdir=/usr/lib --libexecdir=/usr/lib --mandir=/usr/share/man --infodir=/usr/share/info --with-bugurl=https://bugs.archlinux.org/ --enable-languages=c,c++,ada,fortran,go,lto,objc,obj-c++,d --with-isl --with-linker-hash-style=gnu --with-system-zlib --enable-__cxa_atexit --enable-cet=auto --enable-checking=release --enable-clocale=gnu --enable-default-pie --enable-default-ssp --enable-gnu-indirect-function --enable-gnu-unique-object --enable-install-libiberty --enable-linker-build-id --enable-lto --enable-multilib --enable-plugin --enable-shared --enable-threads=posix --disable-libssp --disable-libstdcxx-pch --disable-libunwind-exceptions --disable-werror gdc_include_dir=/usr/include/dlang/gdc
Thread model: posix
Supported LTO compression algorithms: zlib zstd
gcc version 11.1.0 (GCC) 
COMPILER_PATH=/usr/lib/gcc/x86_64-pc-linux-gnu/11.1.0/:/usr/lib/gcc/x86_64-pc-linux-gnu/11.1.0/:/usr/lib/gcc/x86_64-pc-linux-gnu/:/usr/lib/gcc/x86_64-pc-linux-gnu/11.1.0/:/usr/lib/gcc/x86_64-pc-linux-gnu/
LIBRARY_PATH=/usr/lib/gcc/x86_64-pc-linux-gnu/11.1.0/:/usr/lib/gcc/x86_64-pc-linux-gnu/11.1.0/../../../../lib/:/lib/../lib/:/usr/lib/../lib/:/usr/lib/gcc/x86_64-pc-linux-gnu/11.1.0/../../../:/lib/:/usr/lib/
COLLECT_GCC_OPTIONS='-v' '-o' 'cmTC_8d94f' '-shared-libgcc' '-mtune=generic' '-march=x86-64' '-dumpdir' 'cmTC_8d94f.'
 /usr/lib/gcc/x86_64-pc-linux-gnu/11.1.0/collect2 -plugin /usr/lib/gcc/x86_64-pc-linux-gnu/11.1.0/liblto_plugin.so -plugin-opt=/usr/lib/gcc/x86_64-pc-linux-gnu/11.1.0/lto-wrapper -plugin-opt=-fresolution=/tmp/ccstJgBc.res -plugin-opt=-pass-through=-lgcc_s -plugin-opt=-pass-through=-lgcc -plugin-opt=-pass-through=-lc -plugin-opt=-pass-through=-lgcc_s -plugin-opt=-pass-through=-lgcc --build-id --eh-frame-hdr --hash-style=gnu -m elf_x86_64 -dynamic-linker /lib64/ld-linux-x86-64.so.2 -pie -o cmTC_8d94f /usr/lib/gcc/x86_64-pc-linux-gnu/11.1.0/../../../../lib/Scrt1.o /usr/lib/gcc/x86_64-pc-linux-gnu/11.1.0/../../../../lib/crti.o /usr/lib/gcc/x86_64-pc-linux-gnu/11.1.0/crtbeginS.o -L/usr/lib/gcc/x86_64-pc-linux-gnu/11.1.0 -L/usr/lib/gcc/x86_64-pc-linux-gnu/11.1.0/../../../../lib -L/lib/../lib -L/usr/lib/../lib -L/usr/lib/gcc/x86_64-pc-linux-gnu/11.1.0/../../.. CMakeFiles/cmTC_8d94f.dir/CMakeCXXCompilerABI.cpp.o -lstdc++ -lm -lgcc_s -lgcc -lc -lgcc_s -lgcc /usr/lib/gcc/x86_64-pc-linux-gnu/11.1.0/crtendS.o /usr/lib/gcc/x86_64-pc-linux-gnu/11.1.0/../../../../lib/crtn.o
COLLECT_GCC_OPTIONS='-v' '-o' 'cmTC_8d94f' '-shared-libgcc' '-mtune=generic' '-march=x86-64' '-dumpdir' 'cmTC_8d94f.'
gmake[1]: Leaving directory `/home/hofmannu/Code/CLAHE3D/Debug/CMakeFiles/CMakeTmp'



Parsed CXX implicit include dir info from above output: rv=done
  found start of include info
  found start of implicit include info
    add: [/usr/lib/gcc/x86_64-pc-linux-gnu/11.1.0/../../../../include/c++/11.1.0]
    add: [/usr/lib/gcc/x86_64-pc-linux-gnu/11.1.0/../../../../include/c++/11.1.0/x86_64-pc-linux-gnu]
    add: [/usr/lib/gcc/x86_64-pc-linux-gnu/11.1.0/../../../../include/c++/11.1.0/backward]
    add: [/usr/lib/gcc/x86_64-pc-linux-gnu/11.1.0/include]
    add: [/usr/local/include]
    add: [/usr/lib/gcc/x86_64-pc-linux-gnu/11.1.0/include-fixed]
    add: [/usr/include]
  end of search list found
  collapse include dir [/usr/lib/gcc/x86_64-pc-linux-gnu/11.1.0/../../../../include/c++/11.1.0] ==> [/usr/include/c++/11.1.0]
  collapse include dir [/usr/lib/gcc/x86_64-pc-linux-gnu/11.1.0/../../../../include/c++/11.1.0/x86_64-pc-linux-gnu] ==> [/usr/include/c++/11.1.0/x86_64-pc-linux-gnu]
  collapse include dir [/usr/lib/gcc/x86_64-pc-linux-gnu/11.1.0/../../../../include/c++/11.1.0/backward] ==> [/usr/include/c++/11.1.0/backward]
  collapse include dir [/usr/lib/gcc/x86_64-pc-linux-gnu/11.1.0/include] ==> [/usr/lib/gcc/x86_64-pc-linux-gnu/11.1.0/include]
  collapse include dir [/usr/local/include] ==> [/usr/local/include]
  collapse include dir [/usr/lib/gcc/x86_64-pc-linux-gnu/11.1.0/include-fixed] ==> [/usr/lib/gcc/x86_64-pc-linux-gnu/11.1.0/include-fixed]
  collapse include dir [/usr/include] ==> [/usr/include]
  implicit include dirs: [/usr/include/c++/11.1.0;/usr/include/c++/11.1.0/x86_64-pc-linux-gnu;/usr/include/c++/11.1.0/backward;/usr/lib/gcc/x86_64-pc-linux-gnu/11.1.0/include;/usr/local/include;/usr/lib/gcc/x86_64-pc-linux-gnu/11.1.0/include-fixed;/usr/include]


Parsed CXX implicit link information from above output:
  link line regex: [^( *|.*[/\])(ld|CMAKE_LINK_STARTFILE-NOTFOUND|([^/\]+-)?ld|collect2)[^/\]*( |$)]
  ignore line: [Change Dir: /home/hofmannu/Code/CLAHE3D/Debug/CMakeFiles/CMakeTmp]
  ignore line: []
  ignore line: [Run Build Command(s):/usr/local/MATLAB/R2019b/bin/glnxa64/gmake -f Makefile cmTC_8d94f/fast && /usr/local/MATLAB/R2019b/bin/glnxa64/gmake  -f CMakeFiles/cmTC_8d94f.dir/build.make CMakeFiles/cmTC_8d94f.dir/build]
  ignore line: [gmake[1]: Entering directory `/home/hofmannu/Code/CLAHE3D/Debug/CMakeFiles/CMakeTmp']
  ignore line: [Building CXX object CMakeFiles/cmTC_8d94f.dir/CMakeCXXCompilerABI.cpp.o]
  ignore line: [/usr/bin/c++   -v -o CMakeFiles/cmTC_8d94f.dir/CMakeCXXCompilerABI.cpp.o -c /usr/share/cmake/Modules/CMakeCXXCompilerABI.cpp]
  ignore line: [Using built-in specs.]
  ignore line: [COLLECT_GCC=/usr/bin/c++]
  ignore line: [Target: x86_64-pc-linux-gnu]
  ignore line: [Configured with: /build/gcc/src/gcc/configure --prefix=/usr --libdir=/usr/lib --libexecdir=/usr/lib --mandir=/usr/share/man --infodir=/usr/share/info --with-bugurl=https://bugs.archlinux.org/ --enable-languages=c c++ ada fortran go lto objc obj-c++ d --with-isl --with-linker-hash-style=gnu --with-system-zlib --enable-__cxa_atexit --enable-cet=auto --enable-checking=release --enable-clocale=gnu --enable-default-pie --enable-default-ssp --enable-gnu-indirect-function --enable-gnu-unique-object --enable-install-libiberty --enable-linker-build-id --enable-lto --enable-multilib --enable-plugin --enable-shared --enable-threads=posix --disable-libssp --disable-libstdcxx-pch --disable-libunwind-exceptions --disable-werror gdc_include_dir=/usr/include/dlang/gdc]
  ignore line: [Thread model: posix]
  ignore line: [Supported LTO compression algorithms: zlib zstd]
  ignore line: [gcc version 11.1.0 (GCC) ]
  ignore line: [COLLECT_GCC_OPTIONS='-v' '-o' 'CMakeFiles/cmTC_8d94f.dir/CMakeCXXCompilerABI.cpp.o' '-c' '-shared-libgcc' '-mtune=generic' '-march=x86-64' '-dumpdir' 'CMakeFiles/cmTC_8d94f.dir/']
  ignore line: [ /usr/lib/gcc/x86_64-pc-linux-gnu/11.1.0/cc1plus -quiet -v -D_GNU_SOURCE /usr/share/cmake/Modules/CMakeCXXCompilerABI.cpp -quiet -dumpdir CMakeFiles/cmTC_8d94f.dir/ -dumpbase CMakeCXXCompilerABI.cpp.cpp -dumpbase-ext .cpp -mtune=generic -march=x86-64 -version -o /tmp/ccU7K5hK.s]
  ignore line: [GNU C++17 (GCC) version 11.1.0 (x86_64-pc-linux-gnu)]
  ignore line: [	compiled by GNU C version 11.1.0  GMP version 6.2.1  MPFR version 4.1.0-p13  MPC version 1.2.1  isl version isl-0.24-GMP]
  ignore line: []
  ignore line: [GGC heuristics: --param ggc-min-expand=100 --param ggc-min-heapsize=131072]
  ignore line: [ignoring nonexistent directory "/usr/lib/gcc/x86_64-pc-linux-gnu/11.1.0/../../../../x86_64-pc-linux-gnu/include"]
  ignore line: [#include "..." search starts here:]
  ignore line: [#include <...> search starts here:]
  ignore line: [ /usr/lib/gcc/x86_64-pc-linux-gnu/11.1.0/../../../../include/c++/11.1.0]
  ignore line: [ /usr/lib/gcc/x86_64-pc-linux-gnu/11.1.0/../../../../include/c++/11.1.0/x86_64-pc-linux-gnu]
  ignore line: [ /usr/lib/gcc/x86_64-pc-linux-gnu/11.1.0/../../../../include/c++/11.1.0/backward]
  ignore line: [ /usr/lib/gcc/x86_64-pc-linux-gnu/11.1.0/include]
  ignore line: [ /usr/local/include]
  ignore line: [ /usr/lib/gcc/x86_64-pc-linux-gnu/11.1.0/include-fixed]
  ignore line: [ /usr/include]
  ignore line: [End of search list.]
  ignore line: [GNU C++17 (GCC) version 11.1.0 (x86_64-pc-linux-gnu)]
  ignore line: [	compiled by GNU C version 11.1.0  GMP version 6.2.1  MPFR version 4.1.0-p13  MPC version 1.2.1  isl version isl-0.24-GMP]
  ignore line: []
  ignore line: [GGC heuristics: --param ggc-min-expand=100 --param ggc-min-heapsize=131072]
  ignore line: [Compiler executable checksum: e6d85a433da2a6385241e28f4582b1d3]
  ignore line: [COLLECT_GCC_OPTIONS='-v' '-o' 'CMakeFiles/cmTC_8d94f.dir/CMakeCXXCompilerABI.cpp.o' '-c' '-shared-libgcc' '-mtune=generic' '-march=x86-64' '-dumpdir' 'CMakeFiles/cmTC_8d94f.dir/']
  ignore line: [ as -v --64 -o CMakeFiles/cmTC_8d94f.dir/CMakeCXXCompilerABI.cpp.o /tmp/ccU7K5hK.s]
  ignore line: [GNU assembler version 2.36.1 (x86_64-pc-linux-gnu) using BFD version (GNU Binutils) 2.36.1]
  ignore line: [COMPILER_PATH=/usr/lib/gcc/x86_64-pc-linux-gnu/11.1.0/:/usr/lib/gcc/x86_64-pc-linux-gnu/11.1.0/:/usr/lib/gcc/x86_64-pc-linux-gnu/:/usr/lib/gcc/x86_64-pc-linux-gnu/11.1.0/:/usr/lib/gcc/x86_64-pc-linux-gnu/]
  ignore line: [LIBRARY_PATH=/usr/lib/gcc/x86_64-pc-linux-gnu/11.1.0/:/usr/lib/gcc/x86_64-pc-linux-gnu/11.1.0/../../../../lib/:/lib/../lib/:/usr/lib/../lib/:/usr/lib/gcc/x86_64-pc-linux-gnu/11.1.0/../../../:/lib/:/usr/lib/]
  ignore line: [COLLECT_GCC_OPTIONS='-v' '-o' 'CMakeFiles/cmTC_8d94f.dir/CMakeCXXCompilerABI.cpp.o' '-c' '-shared-libgcc' '-mtune=generic' '-march=x86-64' '-dumpdir' 'CMakeFiles/cmTC_8d94f.dir/CMakeCXXCompilerABI.cpp.']
  ignore line: [Linking CXX executable cmTC_8d94f]
  ignore line: [/usr/bin/cmake -E cmake_link_script CMakeFiles/cmTC_8d94f.dir/link.txt --verbose=1]
  ignore line: [/usr/bin/c++  -v CMakeFiles/cmTC_8d94f.dir/CMakeCXXCompilerABI.cpp.o -o cmTC_8d94f ]
  ignore line: [Using built-in specs.]
  ignore line: [COLLECT_GCC=/usr/bin/c++]
  ignore line: [COLLECT_LTO_WRAPPER=/usr/lib/gcc/x86_64-pc-linux-gnu/11.1.0/lto-wrapper]
  ignore line: [Target: x86_64-pc-linux-gnu]
  ignore line: [Configured with: /build/gcc/src/gcc/configure --prefix=/usr --libdir=/usr/lib --libexecdir=/usr/lib --mandir=/usr/share/man --infodir=/usr/share/info --with-bugurl=https://bugs.archlinux.org/ --enable-languages=c c++ ada fortran go lto objc obj-c++ d --with-isl --with-linker-hash-style=gnu --with-system-zlib --enable-__cxa_atexit --enable-cet=auto --enable-checking=release --enable-clocale=gnu --enable-default-pie --enable-default-ssp --enable-gnu-indirect-function --enable-gnu-unique-object --enable-install-libiberty --enable-linker-build-id --enable-lto --enable-multilib --enable-plugin --enable-shared --enable-threads=posix --disable-libssp --disable-libstdcxx-pch --disable-libunwind-exceptions --disable-werror gdc_include_dir=/usr/include/dlang/gdc]
  ignore line: [Thread model: posix]
  ignore line: [Supported LTO compression algorithms: zlib zstd]
  ignore line: [gcc version 11.1.0 (GCC) ]
  ignore line: [COMPILER_PATH=/usr/lib/gcc/x86_64-pc-linux-gnu/11.1.0/:/usr/lib/gcc/x86_64-pc-linux-gnu/11.1.0/:/usr/lib/gcc/x86_64-pc-linux-gnu/:/usr/lib/gcc/x86_64-pc-linux-gnu/11.1.0/:/usr/lib/gcc/x86_64-pc-linux-gnu/]
  ignore line: [LIBRARY_PATH=/usr/lib/gcc/x86_64-pc-linux-gnu/11.1.0/:/usr/lib/gcc/x86_64-pc-linux-gnu/11.1.0/../../../../lib/:/lib/../lib/:/usr/lib/../lib/:/usr/lib/gcc/x86_64-pc-linux-gnu/11.1.0/../../../:/lib/:/usr/lib/]
  ignore line: [COLLECT_GCC_OPTIONS='-v' '-o' 'cmTC_8d94f' '-shared-libgcc' '-mtune=generic' '-march=x86-64' '-dumpdir' 'cmTC_8d94f.']
  link line: [ /usr/lib/gcc/x86_64-pc-linux-gnu/11.1.0/collect2 -plugin /usr/lib/gcc/x86_64-pc-linux-gnu/11.1.0/liblto_plugin.so -plugin-opt=/usr/lib/gcc/x86_64-pc-linux-gnu/11.1.0/lto-wrapper -plugin-opt=-fresolution=/tmp/ccstJgBc.res -plugin-opt=-pass-through=-lgcc_s -plugin-opt=-pass-through=-lgcc -plugin-opt=-pass-through=-lc -plugin-opt=-pass-through=-lgcc_s -plugin-opt=-pass-through=-lgcc --build-id --eh-frame-hdr --hash-style=gnu -m elf_x86_64 -dynamic-linker /lib64/ld-linux-x86-64.so.2 -pie -o cmTC_8d94f /usr/lib/gcc/x86_64-pc-linux-gnu/11.1.0/../../../../lib/Scrt1.o /usr/lib/gcc/x86_64-pc-linux-gnu/11.1.0/../../../../lib/crti.o /usr/lib/gcc/x86_64-pc-linux-gnu/11.1.0/crtbeginS.o -L/usr/lib/gcc/x86_64-pc-linux-gnu/11.1.0 -L/usr/lib/gcc/x86_64-pc-linux-gnu/11.1.0/../../../../lib -L/lib/../lib -L/usr/lib/../lib -L/usr/lib/gcc/x86_64-pc-linux-gnu/11.1.0/../../.. CMakeFiles/cmTC_8d94f.dir/CMakeCXXCompilerABI.cpp.o -lstdc++ -lm -lgcc_s -lgcc -lc -lgcc_s -lgcc /usr/lib/gcc/x86_64-pc-linux-gnu/11.1.0/crtendS.o /usr/lib/gcc/x86_64-pc-linux-gnu/11.1.0/../../../../lib/crtn.o]
    arg [/usr/lib/gcc/x86_64-pc-linux-gnu/11.1.0/collect2] ==> ignore
    arg [-plugin] ==> ignore
    arg [/usr/lib/gcc/x86_64-pc-linux-gnu/11.1.0/liblto_plugin.so] ==> ignore
    arg [-plugin-opt=/usr/lib/gcc/x86_64-pc-linux-gnu/11.1.0/lto-wrapper] ==> ignore
    arg [-plugin-opt=-fresolution=/tmp/ccstJgBc.res] ==> ignore
    arg [-plugin-opt=-pass-through=-lgcc_s] ==> ignore
    arg [-plugin-opt=-pass-through=-lgcc] ==> ignore
    arg [-plugin-opt=-pass-through=-lc] ==> ignore
    arg [-plugin-opt=-pass-through=-lgcc_s] ==> ignore
    arg [-plugin-opt=-pass-through=-lgcc] ==> ignore
    arg [--build-id] ==> ignore
    arg [--eh-frame-hdr] ==> ignore
    arg [--hash-style=gnu] ==> ignore
    arg [-m] ==> ignore
    arg [elf_x86_64] ==> ignore
    arg [-dynamic-linker] ==> ignore
    arg [/lib64/ld-linux-x86-64.so.2] ==> ignore
    arg [-pie] ==> ignore
    arg [-o] ==> ignore
    arg [cmTC_8d94f] ==> ignore
    arg [/usr/lib/gcc/x86_64-pc-linux-gnu/11.1.0/../../../../lib/Scrt1.o] ==> obj [/usr/lib/gcc/x86_64-pc-linux-gnu/11.1.0/../../../../lib/Scrt1.o]
    arg [/usr/lib/gcc/x86_64-pc-linux-gnu/11.1.0/../../../../lib/crti.o] ==> obj [/usr/lib/gcc/x86_64-pc-linux-gnu/11.1.0/../../../../lib/crti.o]
    arg [/usr/lib/gcc/x86_64-pc-linux-gnu/11.1.0/crtbeginS.o] ==> obj [/usr/lib/gcc/x86_64-pc-linux-gnu/11.1.0/crtbeginS.o]
    arg [-L/usr/lib/gcc/x86_64-pc-linux-gnu/11.1.0] ==> dir [/usr/lib/gcc/x86_64-pc-linux-gnu/11.1.0]
    arg [-L/usr/lib/gcc/x86_64-pc-linux-gnu/11.1.0/../../../../lib] ==> dir [/usr/lib/gcc/x86_64-pc-linux-gnu/11.1.0/../../../../lib]
    arg [-L/lib/../lib] ==> dir [/lib/../lib]
    arg [-L/usr/lib/../lib] ==> dir [/usr/lib/../lib]
    arg [-L/usr/lib/gcc/x86_64-pc-linux-gnu/11.1.0/../../..] ==> dir [/usr/lib/gcc/x86_64-pc-linux-gnu/11.1.0/../../..]
    arg [CMakeFiles/cmTC_8d94f.dir/CMakeCXXCompilerABI.cpp.o] ==> ignore
    arg [-lstdc++] ==> lib [stdc++]
    arg [-lm] ==> lib [m]
    arg [-lgcc_s] ==> lib [gcc_s]
    arg [-lgcc] ==> lib [gcc]
    arg [-lc] ==> lib [c]
    arg [-lgcc_s] ==> lib [gcc_s]
    arg [-lgcc] ==> lib [gcc]
    arg [/usr/lib/gcc/x86_64-pc-linux-gnu/11.1.0/crtendS.o] ==> obj [/usr/lib/gcc/x86_64-pc-linux-gnu/11.1.0/crtendS.o]
    arg [/usr/lib/gcc/x86_64-pc-linux-gnu/11.1.0/../../../../lib/crtn.o] ==> obj [/usr/lib/gcc/x86_64-pc-linux-gnu/11.1.0/../../../../lib/crtn.o]
  collapse obj [/usr/lib/gcc/x86_64-pc-linux-gnu/11.1.0/../../../../lib/Scrt1.o] ==> [/usr/lib/Scrt1.o]
  collapse obj [/usr/lib/gcc/x86_64-pc-linux-gnu/11.1.0/../../../../lib/crti.o] ==> [/usr/lib/crti.o]
  collapse obj [/usr/lib/gcc/x86_64-pc-linux-gnu/11.1.0/../../../../lib/crtn.o] ==> [/usr/lib/crtn.o]
  collapse library dir [/usr/lib/gcc/x86_64-pc-linux-gnu/11.1.0] ==> [/usr/lib/gcc/x86_64-pc-linux-gnu/11.1.0]
  collapse library dir [/usr/lib/gcc/x86_64-pc-linux-gnu/11.1.0/../../../../lib] ==> [/usr/lib]
  collapse library dir [/lib/../lib] ==> [/lib]
  collapse library dir [/usr/lib/../lib] ==> [/usr/lib]
  collapse library dir [/usr/lib/gcc/x86_64-pc-linux-gnu/11.1.0/../../..] ==> [/usr/lib]
  implicit libs: [stdc++;m;gcc_s;gcc;c;gcc_s;gcc]
  implicit objs: [/usr/lib/Scrt1.o;/usr/lib/crti.o;/usr/lib/gcc/x86_64-pc-linux-gnu/11.1.0/crtbeginS.o;/usr/lib/gcc/x86_64-pc-linux-gnu/11.1.0/crtendS.o;/usr/lib/crtn.o]
  implicit dirs: [/usr/lib/gcc/x86_64-pc-linux-gnu/11.1.0;/usr/lib;/lib]
  implicit fwks: []


Checking whether the CUDA compiler is NVIDIA using "" matched "nvcc: NVIDIA \(R\) Cuda compiler driver":
nvcc: NVIDIA (R) Cuda compiler driver
Copyright (c) 2005-2019 NVIDIA Corporation
Built on Sun_Jul_28_19:07:16_PDT_2019
Cuda compilation tools, release 10.1, V10.1.243
Compiling the CUDA compiler identification source file "CMakeCUDACompilerId.cu" succeeded.
Compiler: /opt/cuda-10.1/bin/nvcc 
Build flags: 
Id flags: --keep;--keep-dir;tmp -v

The output was:
0
#$ _SPACE_= 
#$ _CUDART_=cudart
#$ _HERE_=/opt/cuda-10.1/bin
#$ _THERE_=/opt/cuda-10.1/bin
#$ _TARGET_SIZE_=
#$ _TARGET_DIR_=
#$ _TARGET_DIR_=targets/x86_64-linux
#$ TOP=/opt/cuda-10.1/bin/..
#$ NVVMIR_LIBRARY_DIR=/opt/cuda-10.1/bin/../nvvm/libdevice
#$ LD_LIBRARY_PATH=/opt/cuda-10.1/bin/../lib:
#$ PATH=/opt/cuda-10.1/bin/../nvvm/bin:/opt/cuda-10.1/bin:/usr/local/sbin:/usr/local/bin:/usr/bin:/usr/local/MATLAB/R2019b/bin/glnxa64:/opt/cuda-10.1/bin:/opt/cuda/bin:/opt/cuda/nsight_compute:/opt/cuda/nsight_systems/bin:/usr/lib/jvm/default/bin:/usr/bin/site_perl:/usr/bin/vendor_perl:/usr/bin/core_perl
#$ INCLUDES="-I/opt/cuda-10.1/bin/../targets/x86_64-linux/include"  
#$ LIBRARIES=  "-L/opt/cuda-10.1/bin/../targets/x86_64-linux/lib/stubs" "-L/opt/cuda-10.1/bin/../targets/x86_64-linux/lib"
#$ CUDAFE_FLAGS=
#$ PTXAS_FLAGS=
#$ rm tmp/a_dlink.reg.c
#$ gcc -D__CUDA_ARCH__=300 -E -x c++  -DCUDA_DOUBLE_MATH_FUNCTIONS -D__CUDACC__ -D__NVCC__  "-I/opt/cuda-10.1/bin/../targets/x86_64-linux/include"    -D__CUDACC_VER_MAJOR__=10 -D__CUDACC_VER_MINOR__=1 -D__CUDACC_VER_BUILD__=243 -include "cuda_runtime.h" -m64 "CMakeCUDACompilerId.cu" > "tmp/CMakeCUDACompilerId.cpp1.ii" 
#$ cicc --c++14 --gnu_version=110100 --allow_managed   -arch compute_30 -m64 -ftz=0 -prec_div=1 -prec_sqrt=1 -fmad=1 --include_file_name "CMakeCUDACompilerId.fatbin.c" -tused -nvvmir-library "/opt/cuda-10.1/bin/../nvvm/libdevice/libdevice.10.bc" --gen_module_id_file --module_id_file_name "tmp/CMakeCUDACompilerId.module_id" --orig_src_file_name "CMakeCUDACompilerId.cu" --gen_c_file_name "tmp/CMakeCUDACompilerId.cudafe1.c" --stub_file_name "tmp/CMakeCUDACompilerId.cudafe1.stub.c" --gen_device_file_name "tmp/CMakeCUDACompilerId.cudafe1.gpu"  "tmp/CMakeCUDACompilerId.cpp1.ii" -o "tmp/CMakeCUDACompilerId.ptx"
#$ ptxas -arch=sm_30 -m64  "tmp/CMakeCUDACompilerId.ptx"  -o "tmp/CMakeCUDACompilerId.sm_30.cubin" 
#$ fatbinary --create="tmp/CMakeCUDACompilerId.fatbin" -64 "--image=profile=sm_30,file=tmp/CMakeCUDACompilerId.sm_30.cubin" "--image=profile=compute_30,file=tmp/CMakeCUDACompilerId.ptx" --embedded-fatbin="tmp/CMakeCUDACompilerId.fatbin.c" 
#$ gcc -E -x c++ -D__CUDACC__ -D__NVCC__  "-I/opt/cuda-10.1/bin/../targets/x86_64-linux/include"    -D__CUDACC_VER_MAJOR__=10 -D__CUDACC_VER_MINOR__=1 -D__CUDACC_VER_BUILD__=243 -include "cuda_runtime.h" -m64 "CMakeCUDACompilerId.cu" > "tmp/CMakeCUDACompilerId.cpp4.ii" 
#$ cudafe++ --c++14 --gnu_version=110100 --allow_managed  --m64 --parse_templates --gen_c_file_name "tmp/CMakeCUDACompilerId.cudafe1.cpp" --stub_file_name "CMakeCUDACompilerId.cudafe1.stub.c" --module_id_file_name "tmp/CMakeCUDACompilerId.module_id" "tmp/CMakeCUDACompilerId.cpp4.ii" 
#$ gcc -D__CUDA_ARCH__=300 -c -x c++  -DCUDA_DOUBLE_MATH_FUNCTIONS "-I/opt/cuda-10.1/bin/../targets/x86_64-linux/include"   -m64 -o "tmp/CMakeCUDACompilerId.o" "tmp/CMakeCUDACompilerId.cudafe1.cpp" 
#$ nvlink --arch=sm_30 --register-link-binaries="tmp/a_dlink.reg.c"  -m64   "-L/opt/cuda-10.1/bin/../targets/x86_64-linux/lib/stubs" "-L/opt/cuda-10.1/bin/../targets/x86_64-linux/lib" -cpu-arch=X86_64 "tmp/CMakeCUDACompilerId.o"  -o "tmp/a_dlink.sm_30.cubin"
#$ fatbinary --create="tmp/a_dlink.fatbin" -64 -link "--image=profile=sm_30,file=tmp/a_dlink.sm_30.cubin" --embedded-fatbin="tmp/a_dlink.fatbin.c" 
#$ gcc -c -x c++ -DFATBINFILE="\"tmp/a_dlink.fatbin.c\"" -DREGISTERLINKBINARYFILE="\"tmp/a_dlink.reg.c\"" -I. -D__NV_EXTRA_INITIALIZATION= -D__NV_EXTRA_FINALIZATION= -D__CUDA_INCLUDE_COMPILER_INTERNAL_HEADERS__  "-I/opt/cuda-10.1/bin/../targets/x86_64-linux/include"    -D__CUDACC_VER_MAJOR__=10 -D__CUDACC_VER_MINOR__=1 -D__CUDACC_VER_BUILD__=243 -m64 -o "tmp/a_dlink.o" "/opt/cuda-10.1/bin/crt/link.stub" 
#$ g++ -m64 -o "a.out" -Wl,--start-group "tmp/a_dlink.o" "tmp/CMakeCUDACompilerId.o"   "-L/opt/cuda-10.1/bin/../targets/x86_64-linux/lib/stubs" "-L/opt/cuda-10.1/bin/../targets/x86_64-linux/lib" -lcudadevrt  -lcudart_static  -lrt -lpthread  -ldl  -Wl,--end-group 


Compilation of the CUDA compiler identification source "CMakeCUDACompilerId.cu" produced "a.out"

The CUDA compiler identification is NVIDIA, found in "/home/hofmannu/Code/CLAHE3D/Debug/CMakeFiles/3.22.2/CompilerIdCUDA/a.out"

Parsed CUDA nvcc implicit link information from above output:
  found 'PATH=' string: [/opt/cuda-10.1/bin/../nvvm/bin:/opt/cuda-10.1/bin:/usr/local/sbin:/usr/local/bin:/usr/bin:/usr/local/MATLAB/R2019b/bin/glnxa64:/opt/cuda-10.1/bin:/opt/cuda/bin:/opt/cuda/nsight_compute:/opt/cuda/nsight_systems/bin:/usr/lib/jvm/default/bin:/usr/bin/site_perl:/usr/bin/vendor_perl:/usr/bin/core_perl]
  found 'LIBRARIES=' string: ["-L/opt/cuda-10.1/bin/../targets/x86_64-linux/lib/stubs" "-L/opt/cuda-10.1/bin/../targets/x86_64-linux/lib"]
  considering line: [#$ rm tmp/a_dlink.reg.c]
  considering line: [gcc -D__CUDA_ARCH__=300 -E -x c++  -DCUDA_DOUBLE_MATH_FUNCTIONS -D__CUDACC__ -D__NVCC__  "-I/opt/cuda-10.1/bin/../targets/x86_64-linux/include"    -D__CUDACC_VER_MAJOR__=10 -D__CUDACC_VER_MINOR__=1 -D__CUDACC_VER_BUILD__=243 -include "cuda_runtime.h" -m64 "CMakeCUDACompilerId.cu" > "tmp/CMakeCUDACompilerId.cpp1.ii" ]
  considering line: [cicc --c++14 --gnu_version=110100 --allow_managed   -arch compute_30 -m64 -ftz=0 -prec_div=1 -prec_sqrt=1 -fmad=1 --include_file_name "CMakeCUDACompilerId.fatbin.c" -tused -nvvmir-library "/opt/cuda-10.1/bin/../nvvm/libdevice/libdevice.10.bc" --gen_module_id_file --module_id_file_name "tmp/CMakeCUDACompilerId.module_id" --orig_src_file_name "CMakeCUDACompilerId.cu" --gen_c_file_name "tmp/CMakeCUDACompilerId.cudafe1.c" --stub_file_name "tmp/CMakeCUDACompilerId.cudafe1.stub.c" --gen_device_file_name "tmp/CMakeCUDACompilerId.cudafe1.gpu"  "tmp/CMakeCUDACompilerId.cpp1.ii" -o "tmp/CMakeCUDACompilerId.ptx"]
  considering line: [ptxas -arch=sm_30 -m64  "tmp/CMakeCUDACompilerId.ptx"  -o "tmp/CMakeCUDACompilerId.sm_30.cubin" ]
  considering line: [fatbinary --create="tmp/CMakeCUDACompilerId.fatbin" -64 "--image=profile=sm_30,file=tmp/CMakeCUDACompilerId.sm_30.cubin" "--image=profile=compute_30,file=tmp/CMakeCUDACompilerId.ptx" --embedded-fatbin="tmp/CMakeCUDACompilerId.fatbin.c" ]
  considering line: [gcc -E -x c++ -D__CUDACC__ -D__NVCC__  "-I/opt/cuda-10.1/bin/../targets/x86_64-linux/include"    -D__CUDACC_VER_MAJOR__=10 -D__CUDACC_VER_MINOR__=1 -D__CUDACC_VER_BUILD__=243 -include "cuda_runtime.h" -m64 "CMakeCUDACompilerId.cu" > "tmp/CMakeCUDACompilerId.cpp4.ii" ]
  considering line: [cudafe++ --c++14 --gnu_version=110100 --allow_managed  --m64 --parse_templates --gen_c_file_name "tmp/CMakeCUDACompilerId.cudafe1.cpp" --stub_file_name "CMakeCUDACompilerId.cudafe1.stub.c" --module_id_file_name "tmp/CMakeCUDACompilerId.module_id" "tmp/CMakeCUDACompilerId.cpp4.ii" ]
  considering line: [gcc -D__CUDA_ARCH__=300 -c -x c++  -DCUDA_DOUBLE_MATH_FUNCTIONS "-I/opt/cuda-10.1/bin/../targets/x86_64-linux/include"   -m64 -o "tmp/CMakeCUDACompilerId.o" "tmp/CMakeCUDACompilerId.cudafe1.cpp" ]
  considering line: [nvlink --arch=sm_30 --register-link-binaries="tmp/a_dlink.reg.c"  -m64   "-L/opt/cuda-10.1/bin/../targets/x86_64-linux/lib/stubs" "-L/opt/cuda-10.1/bin/../targets/x86_64-linux/lib" -cpu-arch=X86_64 "tmp/CMakeCUDACompilerId.o"  -o "tmp/a_dlink.sm_30.cubin"]
    ignoring nvlink line
  considering line: [fatbinary --create="tmp/a_dlink.fatbin" -64 -link "--image=profile=sm_30,file=tmp/a_dlink.sm_30.cubin" --embedded-fatbin="tmp/a_dlink.fatbin.c" ]
  considering line: [gcc -c -x c++ -DFATBINFILE="\"tmp/a_dlink.fatbin.c\"" -DREGISTERLINKBINARYFILE="\"tmp/a_dlink.reg.c\"" -I. -D__NV_EXTRA_INITIALIZATION= -D__NV_EXTRA_FINALIZATION= -D__CUDA_INCLUDE_COMPILER_INTERNAL_HEADERS__  "-I/opt/cuda-10.1/bin/../targets/x86_64-linux/include"    -D__CUDACC_VER_MAJOR__=10 -D__CUDACC_VER_MINOR__=1 -D__CUDACC_VER_BUILD__=243 -m64 -o "tmp/a_dlink.o" "/opt/cuda-10.1/bin/crt/link.stub" ]
  considering line: [g++ -m64 -o "a.out" -Wl,--start-group "tmp/a_dlink.o" "tmp/CMakeCUDACompilerId.o"   "-L/opt/cuda-10.1/bin/../targets/x86_64-linux/lib/stubs" "-L/opt/cuda-10.1/bin/../targets/x86_64-linux/lib" -lcudadevrt  -lcudart_static  -lrt -lpthread  -ldl  -Wl,--end-group ]
    extracted link line: [g++ -m64 -o "a.out" -Wl,--start-group "tmp/a_dlink.o" "tmp/CMakeCUDACompilerId.o"   "-L/opt/cuda-10.1/bin/../targets/x86_64-linux/lib/stubs" "-L/opt/cuda-10.1/bin/../targets/x86_64-linux/lib" -lcudadevrt  -lcudart_static  -lrt -lpthread  -ldl  -Wl,--end-group ]
  considering line: []
  extracted link launcher name: [g++]
  found link launcher absolute path: [/opt/cuda-10.1/bin/g++]

  link line regex: [^( *|.*[/\])(ld|CMAKE_LINK_STARTFILE-NOTFOUND|([^/\]+-)?ld|collect2)[^/\]*( |$)]
  link line: [cuda-fake-ld g++ -m64 -o "a.out" -Wl,--start-group "tmp/a_dlink.o" "tmp/CMakeCUDACompilerId.o"   "-L/opt/cuda-10.1/bin/../targets/x86_64-linux/lib/stubs" "-L/opt/cuda-10.1/bin/../targets/x86_64-linux/lib" -lcudadevrt  -lcudart_static  -lrt -lpthread  -ldl  -Wl,--end-group ]
    arg [cuda-fake-ld] ==> ignore
    arg [g++] ==> ignore
    arg [-m64] ==> ignore
    arg [-o] ==> ignore
    arg [a.out] ==> ignore
    arg [-Wl,--start-group] ==> ignore
    arg [tmp/a_dlink.o] ==> ignore
    arg [tmp/CMakeCUDACompilerId.o] ==> ignore
    arg [-L/opt/cuda-10.1/bin/../targets/x86_64-linux/lib/stubs] ==> dir [/opt/cuda-10.1/bin/../targets/x86_64-linux/lib/stubs]
    arg [-L/opt/cuda-10.1/bin/../targets/x86_64-linux/lib] ==> dir [/opt/cuda-10.1/bin/../targets/x86_64-linux/lib]
    arg [-lcudadevrt] ==> lib [cudadevrt]
    arg [-lcudart_static] ==> lib [cudart_static]
    arg [-lrt] ==> lib [rt]
    arg [-lpthread] ==> lib [pthread]
    arg [-ldl] ==> lib [dl]
    arg [-Wl,--end-group] ==> ignore
  collapse library dir [/opt/cuda-10.1/bin/../targets/x86_64-linux/lib/stubs] ==> [/opt/cuda-10.1/targets/x86_64-linux/lib/stubs]
  collapse library dir [/opt/cuda-10.1/bin/../targets/x86_64-linux/lib] ==> [/opt/cuda-10.1/targets/x86_64-linux/lib]
  implicit libs: [cudadevrt;cudart_static;rt;pthread;dl]
  implicit objs: []
  implicit dirs: [/opt/cuda-10.1/targets/x86_64-linux/lib/stubs;/opt/cuda-10.1/targets/x86_64-linux/lib]
  implicit fwks: []


Parsed CUDA nvcc include information from above output:
  found 'PATH=' string: [/opt/cuda-10.1/bin/../nvvm/bin:/opt/cuda-10.1/bin:/usr/local/sbin:/usr/local/bin:/usr/bin:/usr/local/MATLAB/R2019b/bin/glnxa64:/opt/cuda-10.1/bin:/opt/cuda/bin:/opt/cuda/nsight_compute:/opt/cuda/nsight_systems/bin:/usr/lib/jvm/default/bin:/usr/bin/site_perl:/usr/bin/vendor_perl:/usr/bin/core_perl]
  found 'LIBRARIES=' string: ["-L/opt/cuda-10.1/bin/../targets/x86_64-linux/lib/stubs" "-L/opt/cuda-10.1/bin/../targets/x86_64-linux/lib"]
  considering line: [#$ rm tmp/a_dlink.reg.c]
  considering line: [gcc -D__CUDA_ARCH__=300 -E -x c++  -DCUDA_DOUBLE_MATH_FUNCTIONS -D__CUDACC__ -D__NVCC__  "-I/opt/cuda-10.1/bin/../targets/x86_64-linux/include"    -D__CUDACC_VER_MAJOR__=10 -D__CUDACC_VER_MINOR__=1 -D__CUDACC_VER_BUILD__=243 -include "cuda_runtime.h" -m64 "CMakeCUDACompilerId.cu" > "tmp/CMakeCUDACompilerId.cpp1.ii" ]
  considering line: [cicc --c++14 --gnu_version=110100 --allow_managed   -arch compute_30 -m64 -ftz=0 -prec_div=1 -prec_sqrt=1 -fmad=1 --include_file_name "CMakeCUDACompilerId.fatbin.c" -tused -nvvmir-library "/opt/cuda-10.1/bin/../nvvm/libdevice/libdevice.10.bc" --gen_module_id_file --module_id_file_name "tmp/CMakeCUDACompilerId.module_id" --orig_src_file_name "CMakeCUDACompilerId.cu" --gen_c_file_name "tmp/CMakeCUDACompilerId.cudafe1.c" --stub_file_name "tmp/CMakeCUDACompilerId.cudafe1.stub.c" --gen_device_file_name "tmp/CMakeCUDACompilerId.cudafe1.gpu"  "tmp/CMakeCUDACompilerId.cpp1.ii" -o "tmp/CMakeCUDACompilerId.ptx"]
  considering line: [ptxas -arch=sm_30 -m64  "tmp/CMakeCUDACompilerId.ptx"  -o "tmp/CMakeCUDACompilerId.sm_30.cubin" ]
  considering line: [fatbinary --create="tmp/CMakeCUDACompilerId.fatbin" -64 "--image=profile=sm_30,file=tmp/CMakeCUDACompilerId.sm_30.cubin" "--image=profile=compute_30,file=tmp/CMakeCUDACompilerId.ptx" --embedded-fatbin="tmp/CMakeCUDACompilerId.fatbin.c" ]
  considering line: [gcc -E -x c++ -D__CUDACC__ -D__NVCC__  "-I/opt/cuda-10.1/bin/../targets/x86_64-linux/include"    -D__CUDACC_VER_MAJOR__=10 -D__CUDACC_VER_MINOR__=1 -D__CUDACC_VER_BUILD__=243 -include "cuda_runtime.h" -m64 "CMakeCUDACompilerId.cu" > "tmp/CMakeCUDACompilerId.cpp4.ii" ]
  considering line: [cudafe++ --c++14 --gnu_version=110100 --allow_managed  --m64 --parse_templates --gen_c_file_name "tmp/CMakeCUDACompilerId.cudafe1.cpp" --stub_file_name "CMakeCUDACompilerId.cudafe1.stub.c" --module_id_file_name "tmp/CMakeCUDACompilerId.module_id" "tmp/CMakeCUDACompilerId.cpp4.ii" ]
  considering line: [gcc -D__CUDA_ARCH__=300 -c -x c++  -DCUDA_DOUBLE_MATH_FUNCTIONS "-I/opt/cuda-10.1/bin/../targets/x86_64-linux/include"   -m64 -o "tmp/CMakeCUDACompilerId.o" "tmp/CMakeCUDACompilerId.cudafe1.cpp" ]
  considering line: [nvlink --arch=sm_30 --register-link-binaries="tmp/a_dlink.reg.c"  -m64   "-L/opt/cuda-10.1/bin/../targets/x86_64-linux/lib/stubs" "-L/opt/cuda-10.1/bin/../targets/x86_64-linux/lib" -cpu-arch=X86_64 "tmp/CMakeCUDACompilerId.o"  -o "tmp/a_dlink.sm_30.cubin"]
    ignoring nvlink line
  considering line: [fatbinary --create="tmp/a_dlink.fatbin" -64 -link "--image=profile=sm_30,file=tmp/a_dlink.sm_30.cubin" --embedded-fatbin="tmp/a_dlink.fatbin.c" ]
  considering line: [gcc -c -x c++ -DFATBINFILE="\"tmp/a_dlink.fatbin.c\"" -DREGISTERLINKBINARYFILE="\"tmp/a_dlink.reg.c\"" -I. -D__NV_EXTRA_INITIALIZATION= -D__NV_EXTRA_FINALIZATION= -D__CUDA_INCLUDE_COMPILER_INTERNAL_HEADERS__  "-I/opt/cuda-10.1/bin/../targets/x86_64-linux/include"    -D__CUDACC_VER_MAJOR__=10 -D__CUDACC_VER_MINOR__=1 -D__CUDACC_VER_BUILD__=243 -m64 -o "tmp/a_dlink.o" "/opt/cuda-10.1/bin/crt/link.stub" ]
  considering line: [g++ -m64 -o "a.out" -Wl,--start-group "tmp/a_dlink.o" "tmp/CMakeCUDACompilerId.o"   "-L/opt/cuda-10.1/bin/../targets/x86_64-linux/lib/stubs" "-L/opt/cuda-10.1/bin/../targets/x86_64-linux/lib" -lcudadevrt  -lcudart_static  -lrt -lpthread  -ldl  -Wl,--end-group ]
    extracted link line: [g++ -m64 -o "a.out" -Wl,--start-group "tmp/a_dlink.o" "tmp/CMakeCUDACompilerId.o"   "-L/opt/cuda-10.1/bin/../targets/x86_64-linux/lib/stubs" "-L/opt/cuda-10.1/bin/../targets/x86_64-linux/lib" -lcudadevrt  -lcudart_static  -lrt -lpthread  -ldl  -Wl,--end-group ]
  considering line: []
  extracted link launcher name: [g++]
  found link launcher absolute path: [/opt/cuda-10.1/bin/g++]
  found 'INCLUDES=' string: ["-I/opt/cuda-10.1/bin/../targets/x86_64-linux/include"  ]

  link line regex: [^( *|.*[/\])(ld|CMAKE_LINK_STARTFILE-NOTFOUND|([^/\]+-)?ld|collect2)[^/\]*( |$)]
  link line: [cuda-fake-ld g++ -m64 -o "a.out" -Wl,--start-group "tmp/a_dlink.o" "tmp/CMakeCUDACompilerId.o"   "-L/opt/cuda-10.1/bin/../targets/x86_64-linux/lib/stubs" "-L/opt/cuda-10.1/bin/../targets/x86_64-linux/lib" -lcudadevrt  -lcudart_static  -lrt -lpthread  -ldl  -Wl,--end-group ]
    arg [cuda-fake-ld] ==> ignore
    arg [g++] ==> ignore
    arg [-m64] ==> ignore
    arg [-o] ==> ignore
    arg [a.out] ==> ignore
    arg [-Wl,--start-group] ==> ignore
    arg [tmp/a_dlink.o] ==> ignore
    arg [tmp/CMakeCUDACompilerId.o] ==> ignore
    arg [-L/opt/cuda-10.1/bin/../targets/x86_64-linux/lib/stubs] ==> dir [/opt/cuda-10.1/bin/../targets/x86_64-linux/lib/stubs]
    arg [-L/opt/cuda-10.1/bin/../targets/x86_64-linux/lib] ==> dir [/opt/cuda-10.1/bin/../targets/x86_64-linux/lib]
    arg [-lcudadevrt] ==> lib [cudadevrt]
    arg [-lcudart_static] ==> lib [cudart_static]
    arg [-lrt] ==> lib [rt]
    arg [-lpthread] ==> lib [pthread]
    arg [-ldl] ==> lib [dl]
    arg [-Wl,--end-group] ==> ignore
  collapse library dir [/opt/cuda-10.1/bin/../targets/x86_64-linux/lib/stubs] ==> [/opt/cuda-10.1/targets/x86_64-linux/lib/stubs]
  collapse library dir [/opt/cuda-10.1/bin/../targets/x86_64-linux/lib] ==> [/opt/cuda-10.1/targets/x86_64-linux/lib]
  implicit libs: [cudadevrt;cudart_static;rt;pthread;dl]
  implicit objs: []
  implicit dirs: [/opt/cuda-10.1/targets/x86_64-linux/lib/stubs;/opt/cuda-10.1/targets/x86_64-linux/lib]
  implicit fwks: []


Detecting CUDA compiler ABI info compiled with the following output:
Change Dir: /home/hofmannu/Code/CLAHE3D/Debug/CMakeFiles/CMakeTmp

Run Build Command(s):/usr/local/MATLAB/R2019b/bin/glnxa64/gmake -f Makefile cmTC_7cff6/fast && /usr/local/MATLAB/R2019b/bin/glnxa64/gmake  -f CMakeFiles/cmTC_7cff6.dir/build.make CMakeFiles/cmTC_7cff6.dir/build
gmake[1]: Entering directory `/home/hofmannu/Code/CLAHE3D/Debug/CMakeFiles/CMakeTmp'
Building CUDA object CMakeFiles/cmTC_7cff6.dir/CMakeCUDACompilerABI.cu.o
/opt/cuda-10.1/bin/nvcc    -Xcompiler=-v -x cu -c /usr/share/cmake/Modules/CMakeCUDACompilerABI.cu -o CMakeFiles/cmTC_7cff6.dir/CMakeCUDACompilerABI.cu.o
Using built-in specs.
COLLECT_GCC=gcc
Target: x86_64-pc-linux-gnu
Configured with: /home/hofmannu/.cache/yay/gcc8/src/gcc/configure --prefix=/usr --libdir=/usr/lib --libexecdir=/usr/lib --mandir=/usr/share/man --infodir=/usr/share/info --with-bugurl=https://bugs.archlinux.org/ --enable-languages=c,c++,fortran,lto --enable-shared --enable-threads=posix --enable-libmpx --with-system-zlib --with-isl --enable-__cxa_atexit --disable-libunwind-exceptions --enable-clocale=gnu --disable-libstdcxx-pch --disable-libssp --enable-gnu-unique-object --enable-linker-build-id --enable-lto --enable-plugin --enable-install-libiberty --with-linker-hash-style=gnu --enable-gnu-indirect-function --disable-multilib --disable-werror --enable-checking=release --enable-default-pie --enable-default-ssp --enable-cet=auto --program-suffix=-8 --enable-version-specific-runtime-libs
Thread model: posix
gcc version 8.5.0 (GCC) 
COLLECT_GCC_OPTIONS='-D' '__CUDA_ARCH__=300' '-E' '-D' 'CUDA_DOUBLE_MATH_FUNCTIONS' '-D' '__CUDACC__' '-D' '__NVCC__' '-v' '-I' '/opt/cuda-10.1/bin/../targets/x86_64-linux/include' '-D' '__CUDACC_VER_MAJOR__=10' '-D' '__CUDACC_VER_MINOR__=1' '-D' '__CUDACC_VER_BUILD__=243' '-include' 'cuda_runtime.h' '-m64' '-mtune=generic' '-march=x86-64'
 /usr/lib/gcc/x86_64-pc-linux-gnu/8.5.0/cc1plus -E -quiet -v -I /opt/cuda-10.1/bin/../targets/x86_64-linux/include -D_GNU_SOURCE -D __CUDA_ARCH__=300 -D CUDA_DOUBLE_MATH_FUNCTIONS -D __CUDACC__ -D __NVCC__ -D __CUDACC_VER_MAJOR__=10 -D __CUDACC_VER_MINOR__=1 -D __CUDACC_VER_BUILD__=243 -include cuda_runtime.h /usr/share/cmake/Modules/CMakeCUDACompilerABI.cu -m64 -mtune=generic -march=x86-64
ignoring nonexistent directory "/usr/lib/gcc/x86_64-pc-linux-gnu/8.5.0/../../../../x86_64-pc-linux-gnu/include"
#include "..." search starts here:
#include <...> search starts here:
 /opt/cuda-10.1/bin/../targets/x86_64-linux/include
 /usr/lib/gcc/x86_64-pc-linux-gnu/8.5.0/include/c++
 /usr/lib/gcc/x86_64-pc-linux-gnu/8.5.0/include/c++/x86_64-pc-linux-gnu
 /usr/lib/gcc/x86_64-pc-linux-gnu/8.5.0/include/c++/backward
 /usr/lib/gcc/x86_64-pc-linux-gnu/8.5.0/include
 /usr/local/include
 /usr/lib/gcc/x86_64-pc-linux-gnu/8.5.0/include-fixed
 /usr/include
End of search list.
COMPILER_PATH=/usr/lib/gcc/x86_64-pc-linux-gnu/8.5.0/:/usr/lib/gcc/x86_64-pc-linux-gnu/8.5.0/:/usr/lib/gcc/x86_64-pc-linux-gnu/:/usr/lib/gcc/x86_64-pc-linux-gnu/8.5.0/:/usr/lib/gcc/x86_64-pc-linux-gnu/
LIBRARY_PATH=/usr/lib/gcc/x86_64-pc-linux-gnu/8.5.0/:/usr/lib/gcc/x86_64-pc-linux-gnu/8.5.0/../../../../lib/:/lib/../lib/:/usr/lib/../lib/:/usr/lib/gcc/x86_64-pc-linux-gnu/8.5.0/../../../:/lib/:/usr/lib/
COLLECT_GCC_OPTIONS='-D' '__CUDA_ARCH__=300' '-E' '-D' 'CUDA_DOUBLE_MATH_FUNCTIONS' '-D' '__CUDACC__' '-D' '__NVCC__' '-v' '-I' '/opt/cuda-10.1/bin/../targets/x86_64-linux/include' '-D' '__CUDACC_VER_MAJOR__=10' '-D' '__CUDACC_VER_MINOR__=1' '-D' '__CUDACC_VER_BUILD__=243' '-include' 'cuda_runtime.h' '-m64' '-mtune=generic' '-march=x86-64'
Using built-in specs.
COLLECT_GCC=gcc
Target: x86_64-pc-linux-gnu
Configured with: /home/hofmannu/.cache/yay/gcc8/src/gcc/configure --prefix=/usr --libdir=/usr/lib --libexecdir=/usr/lib --mandir=/usr/share/man --infodir=/usr/share/info --with-bugurl=https://bugs.archlinux.org/ --enable-languages=c,c++,fortran,lto --enable-shared --enable-threads=posix --enable-libmpx --with-system-zlib --with-isl --enable-__cxa_atexit --disable-libunwind-exceptions --enable-clocale=gnu --disable-libstdcxx-pch --disable-libssp --enable-gnu-unique-object --enable-linker-build-id --enable-lto --enable-plugin --enable-install-libiberty --with-linker-hash-style=gnu --enable-gnu-indirect-function --disable-multilib --disable-werror --enable-checking=release --enable-default-pie --enable-default-ssp --enable-cet=auto --program-suffix=-8 --enable-version-specific-runtime-libs
Thread model: posix
gcc version 8.5.0 (GCC) 
COLLECT_GCC_OPTIONS='-E' '-D' '__CUDACC__' '-D' '__NVCC__' '-v' '-I' '/opt/cuda-10.1/bin/../targets/x86_64-linux/include' '-D' '__CUDACC_VER_MAJOR__=10' '-D' '__CUDACC_VER_MINOR__=1' '-D' '__CUDACC_VER_BUILD__=243' '-include' 'cuda_runtime.h' '-m64' '-mtune=generic' '-march=x86-64'
 /usr/lib/gcc/x86_64-pc-linux-gnu/8.5.0/cc1plus -E -quiet -v -I /opt/cuda-10.1/bin/../targets/x86_64-linux/include -D_GNU_SOURCE -D __CUDACC__ -D __NVCC__ -D __CUDACC_VER_MAJOR__=10 -D __CUDACC_VER_MINOR__=1 -D __CUDACC_VER_BUILD__=243 -include cuda_runtime.h /usr/share/cmake/Modules/CMakeCUDACompilerABI.cu -m64 -mtune=generic -march=x86-64
ignoring nonexistent directory "/usr/lib/gcc/x86_64-pc-linux-gnu/8.5.0/../../../../x86_64-pc-linux-gnu/include"
#include "..." search starts here:
#include <...> search starts here:
 /opt/cuda-10.1/bin/../targets/x86_64-linux/include
 /usr/lib/gcc/x86_64-pc-linux-gnu/8.5.0/include/c++
 /usr/lib/gcc/x86_64-pc-linux-gnu/8.5.0/include/c++/x86_64-pc-linux-gnu
 /usr/lib/gcc/x86_64-pc-linux-gnu/8.5.0/include/c++/backward
 /usr/lib/gcc/x86_64-pc-linux-gnu/8.5.0/include
 /usr/local/include
 /usr/lib/gcc/x86_64-pc-linux-gnu/8.5.0/include-fixed
 /usr/include
End of search list.
COMPILER_PATH=/usr/lib/gcc/x86_64-pc-linux-gnu/8.5.0/:/usr/lib/gcc/x86_64-pc-linux-gnu/8.5.0/:/usr/lib/gcc/x86_64-pc-linux-gnu/:/usr/lib/gcc/x86_64-pc-linux-gnu/8.5.0/:/usr/lib/gcc/x86_64-pc-linux-gnu/
LIBRARY_PATH=/usr/lib/gcc/x86_64-pc-linux-gnu/8.5.0/:/usr/lib/gcc/x86_64-pc-linux-gnu/8.5.0/../../../../lib/:/lib/../lib/:/usr/lib/../lib/:/usr/lib/gcc/x86_64-pc-linux-gnu/8.5.0/../../../:/lib/:/usr/lib/
COLLECT_GCC_OPTIONS='-E' '-D' '__CUDACC__' '-D' '__NVCC__' '-v' '-I' '/opt/cuda-10.1/bin/../targets/x86_64-linux/include' '-D' '__CUDACC_VER_MAJOR__=10' '-D' '__CUDACC_VER_MINOR__=1' '-D' '__CUDACC_VER_BUILD__=243' '-include' 'cuda_runtime.h' '-m64' '-mtune=generic' '-march=x86-64'
Using built-in specs.
COLLECT_GCC=gcc
Target: x86_64-pc-linux-gnu
Configured with: /home/hofmannu/.cache/yay/gcc8/src/gcc/configure --prefix=/usr --libdir=/usr/lib --libexecdir=/usr/lib --mandir=/usr/share/man --infodir=/usr/share/info --with-bugurl=https://bugs.archlinux.org/ --enable-languages=c,c++,fortran,lto --enable-shared --enable-threads=posix --enable-libmpx --with-system-zlib --with-isl --enable-__cxa_atexit --disable-libunwind-exceptions --enable-clocale=gnu --disable-libstdcxx-pch --disable-libssp --enable-gnu-unique-object --enable-linker-build-id --enable-lto --enable-plugin --enable-install-libiberty --with-linker-hash-style=gnu --enable-gnu-indirect-function --disable-multilib --disable-werror --enable-checking=release --enable-default-pie --enable-default-ssp --enable-cet=auto --program-suffix=-8 --enable-version-specific-runtime-libs
Thread model: posix
gcc version 8.5.0 (GCC) 
COLLECT_GCC_OPTIONS='-D' '__CUDA_ARCH__=300' '-c' '-D' 'CUDA_DOUBLE_MATH_FUNCTIONS' '-v' '-I' '/opt/cuda-10.1/bin/../targets/x86_64-linux/include' '-m64' '-o' 'CMakeFiles/cmTC_7cff6.dir/CMakeCUDACompilerABI.cu.o' '-mtune=generic' '-march=x86-64'
 /usr/lib/gcc/x86_64-pc-linux-gnu/8.5.0/cc1plus -quiet -v -I /opt/cuda-10.1/bin/../targets/x86_64-linux/include -D_GNU_SOURCE -D __CUDA_ARCH__=300 -D CUDA_DOUBLE_MATH_FUNCTIONS /tmp/tmpxft_001e4ae0_00000000-5_CMakeCUDACompilerABI.cudafe1.cpp -quiet -dumpbase tmpxft_001e4ae0_00000000-5_CMakeCUDACompilerABI.cudafe1.cpp -m64 -mtune=generic -march=x86-64 -auxbase-strip CMakeFiles/cmTC_7cff6.dir/CMakeCUDACompilerABI.cu.o -version -o /tmp/cc8vRhhi.s
GNU C++14 (GCC) version 8.5.0 (x86_64-pc-linux-gnu)
	compiled by GNU C version 8.5.0, GMP version 6.2.1, MPFR version 4.1.0-p13, MPC version 1.2.1, isl version isl-0.24-GMP

GGC heuristics: --param ggc-min-expand=100 --param ggc-min-heapsize=131072
ignoring nonexistent directory "/usr/lib/gcc/x86_64-pc-linux-gnu/8.5.0/../../../../x86_64-pc-linux-gnu/include"
#include "..." search starts here:
#include <...> search starts here:
 /opt/cuda-10.1/bin/../targets/x86_64-linux/include
 /usr/lib/gcc/x86_64-pc-linux-gnu/8.5.0/include/c++
 /usr/lib/gcc/x86_64-pc-linux-gnu/8.5.0/include/c++/x86_64-pc-linux-gnu
 /usr/lib/gcc/x86_64-pc-linux-gnu/8.5.0/include/c++/backward
 /usr/lib/gcc/x86_64-pc-linux-gnu/8.5.0/include
 /usr/local/include
 /usr/lib/gcc/x86_64-pc-linux-gnu/8.5.0/include-fixed
 /usr/include
End of search list.
GNU C++14 (GCC) version 8.5.0 (x86_64-pc-linux-gnu)
	compiled by GNU C version 8.5.0, GMP version 6.2.1, MPFR version 4.1.0-p13, MPC version 1.2.1, isl version isl-0.24-GMP

GGC heuristics: --param ggc-min-expand=100 --param ggc-min-heapsize=131072
Compiler executable checksum: 9f01ac3769b35600c5478478ce9a49bb
COLLECT_GCC_OPTIONS='-D' '__CUDA_ARCH__=300' '-c' '-D' 'CUDA_DOUBLE_MATH_FUNCTIONS' '-v' '-I' '/opt/cuda-10.1/bin/../targets/x86_64-linux/include' '-m64' '-o' 'CMakeFiles/cmTC_7cff6.dir/CMakeCUDACompilerABI.cu.o' '-mtune=generic' '-march=x86-64'
 as -v -I /opt/cuda-10.1/bin/../targets/x86_64-linux/include --64 -o CMakeFiles/cmTC_7cff6.dir/CMakeCUDACompilerABI.cu.o /tmp/cc8vRhhi.s
GNU assembler version 2.36.1 (x86_64-pc-linux-gnu) using BFD version (GNU Binutils) 2.36.1
COMPILER_PATH=/usr/lib/gcc/x86_64-pc-linux-gnu/8.5.0/:/usr/lib/gcc/x86_64-pc-linux-gnu/8.5.0/:/usr/lib/gcc/x86_64-pc-linux-gnu/:/usr/lib/gcc/x86_64-pc-linux-gnu/8.5.0/:/usr/lib/gcc/x86_64-pc-linux-gnu/
LIBRARY_PATH=/usr/lib/gcc/x86_64-pc-linux-gnu/8.5.0/:/usr/lib/gcc/x86_64-pc-linux-gnu/8.5.0/../../../../lib/:/lib/../lib/:/usr/lib/../lib/:/usr/lib/gcc/x86_64-pc-linux-gnu/8.5.0/../../../:/lib/:/usr/lib/
COLLECT_GCC_OPTIONS='-D' '__CUDA_ARCH__=300' '-c' '-D' 'CUDA_DOUBLE_MATH_FUNCTIONS' '-v' '-I' '/opt/cuda-10.1/bin/../targets/x86_64-linux/include' '-m64' '-o' 'CMakeFiles/cmTC_7cff6.dir/CMakeCUDACompilerABI.cu.o' '-mtune=generic' '-march=x86-64'
/opt/cuda-10.1/bin/nvcc    -Xcompiler=-v -x cu -M /usr/share/cmake/Modules/CMakeCUDACompilerABI.cu -MT CMakeFiles/cmTC_7cff6.dir/CMakeCUDACompilerABI.cu.o -o CMakeFiles/cmTC_7cff6.dir/CMakeCUDACompilerABI.cu.o.d
Using built-in specs.
COLLECT_GCC=gcc
Target: x86_64-pc-linux-gnu
Configured with: /home/hofmannu/.cache/yay/gcc8/src/gcc/configure --prefix=/usr --libdir=/usr/lib --libexecdir=/usr/lib --mandir=/usr/share/man --infodir=/usr/share/info --with-bugurl=https://bugs.archlinux.org/ --enable-languages=c,c++,fortran,lto --enable-shared --enable-threads=posix --enable-libmpx --with-system-zlib --with-isl --enable-__cxa_atexit --disable-libunwind-exceptions --enable-clocale=gnu --disable-libstdcxx-pch --disable-libssp --enable-gnu-unique-object --enable-linker-build-id --enable-lto --enable-plugin --enable-install-libiberty --with-linker-hash-style=gnu --enable-gnu-indirect-function --disable-multilib --disable-werror --enable-checking=release --enable-default-pie --enable-default-ssp --enable-cet=auto --program-suffix=-8 --enable-version-specific-runtime-libs
Thread model: posix
gcc version 8.5.0 (GCC) 
COLLECT_GCC_OPTIONS='-D' '__CUDA_ARCH__=300' '-E' '-D' 'CUDA_DOUBLE_MATH_FUNCTIONS' '-D' '__CUDACC__' '-D' '__NVCC__' '-v' '-I' '/opt/cuda-10.1/bin/../targets/x86_64-linux/include' '-D' '__CUDACC_VER_MAJOR__=10' '-D' '__CUDACC_VER_MINOR__=1' '-D' '__CUDACC_VER_BUILD__=243' '-include' 'cuda_runtime.h' '-m64' '-mtune=generic' '-march=x86-64'
 /usr/lib/gcc/x86_64-pc-linux-gnu/8.5.0/cc1plus -E -quiet -v -I /opt/cuda-10.1/bin/../targets/x86_64-linux/include -D_GNU_SOURCE -D __CUDA_ARCH__=300 -D CUDA_DOUBLE_MATH_FUNCTIONS -D __CUDACC__ -D __NVCC__ -D __CUDACC_VER_MAJOR__=10 -D __CUDACC_VER_MINOR__=1 -D __CUDACC_VER_BUILD__=243 -include cuda_runtime.h /usr/share/cmake/Modules/CMakeCUDACompilerABI.cu -m64 -mtune=generic -march=x86-64
ignoring nonexistent directory "/usr/lib/gcc/x86_64-pc-linux-gnu/8.5.0/../../../../x86_64-pc-linux-gnu/include"
#include "..." search starts here:
#include <...> search starts here:
 /opt/cuda-10.1/bin/../targets/x86_64-linux/include
 /usr/lib/gcc/x86_64-pc-linux-gnu/8.5.0/include/c++
 /usr/lib/gcc/x86_64-pc-linux-gnu/8.5.0/include/c++/x86_64-pc-linux-gnu
 /usr/lib/gcc/x86_64-pc-linux-gnu/8.5.0/include/c++/backward
 /usr/lib/gcc/x86_64-pc-linux-gnu/8.5.0/include
 /usr/local/include
 /usr/lib/gcc/x86_64-pc-linux-gnu/8.5.0/include-fixed
 /usr/include
End of search list.
COMPILER_PATH=/usr/lib/gcc/x86_64-pc-linux-gnu/8.5.0/:/usr/lib/gcc/x86_64-pc-linux-gnu/8.5.0/:/usr/lib/gcc/x86_64-pc-linux-gnu/:/usr/lib/gcc/x86_64-pc-linux-gnu/8.5.0/:/usr/lib/gcc/x86_64-pc-linux-gnu/
LIBRARY_PATH=/usr/lib/gcc/x86_64-pc-linux-gnu/8.5.0/:/usr/lib/gcc/x86_64-pc-linux-gnu/8.5.0/../../../../lib/:/lib/../lib/:/usr/lib/../lib/:/usr/lib/gcc/x86_64-pc-linux-gnu/8.5.0/../../../:/lib/:/usr/lib/
COLLECT_GCC_OPTIONS='-D' '__CUDA_ARCH__=300' '-E' '-D' 'CUDA_DOUBLE_MATH_FUNCTIONS' '-D' '__CUDACC__' '-D' '__NVCC__' '-v' '-I' '/opt/cuda-10.1/bin/../targets/x86_64-linux/include' '-D' '__CUDACC_VER_MAJOR__=10' '-D' '__CUDACC_VER_MINOR__=1' '-D' '__CUDACC_VER_BUILD__=243' '-include' 'cuda_runtime.h' '-m64' '-mtune=generic' '-march=x86-64'
Using built-in specs.
COLLECT_GCC=gcc
Target: x86_64-pc-linux-gnu
Configured with: /home/hofmannu/.cache/yay/gcc8/src/gcc/configure --prefix=/usr --libdir=/usr/lib --libexecdir=/usr/lib --mandir=/usr/share/man --infodir=/usr/share/info --with-bugurl=https://bugs.archlinux.org/ --enable-languages=c,c++,fortran,lto --enable-shared --enable-threads=posix --enable-libmpx --with-system-zlib --with-isl --enable-__cxa_atexit --disable-libunwind-exceptions --enable-clocale=gnu --disable-libstdcxx-pch --disable-libssp --enable-gnu-unique-object --enable-linker-build-id --enable-lto --enable-plugin --enable-install-libiberty --with-linker-hash-style=gnu --enable-gnu-indirect-function --disable-multilib --disable-werror --enable-checking=release --enable-default-pie --enable-default-ssp --enable-cet=auto --program-suffix=-8 --enable-version-specific-runtime-libs
Thread model: posix
gcc version 8.5.0 (GCC) 
COLLECT_GCC_OPTIONS='-E' '-D' '__CUDACC__' '-D' '__NVCC__' '-v' '-I' '/opt/cuda-10.1/bin/../targets/x86_64-linux/include' '-D' '__CUDACC_VER_MAJOR__=10' '-D' '__CUDACC_VER_MINOR__=1' '-D' '__CUDACC_VER_BUILD__=243' '-include' 'cuda_runtime.h' '-m64' '-mtune=generic' '-march=x86-64'
 /usr/lib/gcc/x86_64-pc-linux-gnu/8.5.0/cc1plus -E -quiet -v -I /opt/cuda-10.1/bin/../targets/x86_64-linux/include -D_GNU_SOURCE -D __CUDACC__ -D __NVCC__ -D __CUDACC_VER_MAJOR__=10 -D __CUDACC_VER_MINOR__=1 -D __CUDACC_VER_BUILD__=243 -include cuda_runtime.h /usr/share/cmake/Modules/CMakeCUDACompilerABI.cu -m64 -mtune=generic -march=x86-64
ignoring nonexistent directory "/usr/lib/gcc/x86_64-pc-linux-gnu/8.5.0/../../../../x86_64-pc-linux-gnu/include"
#include "..." search starts here:
#include <...> search starts here:
 /opt/cuda-10.1/bin/../targets/x86_64-linux/include
 /usr/lib/gcc/x86_64-pc-linux-gnu/8.5.0/include/c++
 /usr/lib/gcc/x86_64-pc-linux-gnu/8.5.0/include/c++/x86_64-pc-linux-gnu
 /usr/lib/gcc/x86_64-pc-linux-gnu/8.5.0/include/c++/backward
 /usr/lib/gcc/x86_64-pc-linux-gnu/8.5.0/include
 /usr/local/include
 /usr/lib/gcc/x86_64-pc-linux-gnu/8.5.0/include-fixed
 /usr/include
End of search list.
COMPILER_PATH=/usr/lib/gcc/x86_64-pc-linux-gnu/8.5.0/:/usr/lib/gcc/x86_64-pc-linux-gnu/8.5.0/:/usr/lib/gcc/x86_64-pc-linux-gnu/:/usr/lib/gcc/x86_64-pc-linux-gnu/8.5.0/:/usr/lib/gcc/x86_64-pc-linux-gnu/
LIBRARY_PATH=/usr/lib/gcc/x86_64-pc-linux-gnu/8.5.0/:/usr/lib/gcc/x86_64-pc-linux-gnu/8.5.0/../../../../lib/:/lib/../lib/:/usr/lib/../lib/:/usr/lib/gcc/x86_64-pc-linux-gnu/8.5.0/../../../:/lib/:/usr/lib/
COLLECT_GCC_OPTIONS='-E' '-D' '__CUDACC__' '-D' '__NVCC__' '-v' '-I' '/opt/cuda-10.1/bin/../targets/x86_64-linux/include' '-D' '__CUDACC_VER_MAJOR__=10' '-D' '__CUDACC_VER_MINOR__=1' '-D' '__CUDACC_VER_BUILD__=243' '-include' 'cuda_runtime.h' '-m64' '-mtune=generic' '-march=x86-64'
Linking CUDA executable cmTC_7cff6
/usr/bin/cmake -E cmake_link_script CMakeFiles/cmTC_7cff6.dir/link.txt --verbose=1
/opt/cuda-10.1/bin/g++  -v CMakeFiles/cmTC_7cff6.dir/CMakeCUDACompilerABI.cu.o -o cmTC_7cff6  -lcudadevrt -lcudart_static -lrt -lpthread -ldl  -L"/opt/cuda-10.1/targets/x86_64-linux/lib/stubs" -L"/opt/cuda-10.1/targets/x86_64-linux/lib"
Using built-in specs.
COLLECT_GCC=/opt/cuda-10.1/bin/g++
COLLECT_LTO_WRAPPER=/usr/lib/gcc/x86_64-pc-linux-gnu/8.5.0/lto-wrapper
Target: x86_64-pc-linux-gnu
Configured with: /home/hofmannu/.cache/yay/gcc8/src/gcc/configure --prefix=/usr --libdir=/usr/lib --libexecdir=/usr/lib --mandir=/usr/share/man --infodir=/usr/share/info --with-bugurl=https://bugs.archlinux.org/ --enable-languages=c,c++,fortran,lto --enable-shared --enable-threads=posix --enable-libmpx --with-system-zlib --with-isl --enable-__cxa_atexit --disable-libunwind-exceptions --enable-clocale=gnu --disable-libstdcxx-pch --disable-libssp --enable-gnu-unique-object --enable-linker-build-id --enable-lto --enable-plugin --enable-install-libiberty --with-linker-hash-style=gnu --enable-gnu-indirect-function --disable-multilib --disable-werror --enable-checking=release --enable-default-pie --enable-default-ssp --enable-cet=auto --program-suffix=-8 --enable-version-specific-runtime-libs
Thread model: posix
gcc version 8.5.0 (GCC) 
COMPILER_PATH=/usr/lib/gcc/x86_64-pc-linux-gnu/8.5.0/:/usr/lib/gcc/x86_64-pc-linux-gnu/8.5.0/:/usr/lib/gcc/x86_64-pc-linux-gnu/:/usr/lib/gcc/x86_64-pc-linux-gnu/8.5.0/:/usr/lib/gcc/x86_64-pc-linux-gnu/
LIBRARY_PATH=/usr/lib/gcc/x86_64-pc-linux-gnu/8.5.0/:/usr/lib/gcc/x86_64-pc-linux-gnu/8.5.0/../../../../lib/:/lib/../lib/:/usr/lib/../lib/:/usr/lib/gcc/x86_64-pc-linux-gnu/8.5.0/../../../:/lib/:/usr/lib/
COLLECT_GCC_OPTIONS='-v' '-o' 'cmTC_7cff6' '-L/opt/cuda-10.1/targets/x86_64-linux/lib/stubs' '-L/opt/cuda-10.1/targets/x86_64-linux/lib' '-shared-libgcc' '-mtune=generic' '-march=x86-64'
 /usr/lib/gcc/x86_64-pc-linux-gnu/8.5.0/collect2 -plugin /usr/lib/gcc/x86_64-pc-linux-gnu/8.5.0/liblto_plugin.so -plugin-opt=/usr/lib/gcc/x86_64-pc-linux-gnu/8.5.0/lto-wrapper -plugin-opt=-fresolution=/tmp/ccnO70z6.res -plugin-opt=-pass-through=-lgcc_s -plugin-opt=-pass-through=-lgcc -plugin-opt=-pass-through=-lc -plugin-opt=-pass-through=-lgcc_s -plugin-opt=-pass-through=-lgcc --build-id --eh-frame-hdr --hash-style=gnu -m elf_x86_64 -dynamic-linker /lib64/ld-linux-x86-64.so.2 -pie -o cmTC_7cff6 /usr/lib/gcc/x86_64-pc-linux-gnu/8.5.0/../../../../lib/Scrt1.o /usr/lib/gcc/x86_64-pc-linux-gnu/8.5.0/../../../../lib/crti.o /usr/lib/gcc/x86_64-pc-linux-gnu/8.5.0/crtbeginS.o -L/opt/cuda-10.1/targets/x86_64-linux/lib/stubs -L/opt/cuda-10.1/targets/x86_64-linux/lib -L/usr/lib/gcc/x86_64-pc-linux-gnu/8.5.0 -L/usr/lib/gcc/x86_64-pc-linux-gnu/8.5.0/../../../../lib -L/lib/../lib -L/usr/lib/../lib -L/usr/lib/gcc/x86_64-pc-linux-gnu/8.5.0/../../.. CMakeFiles/cmTC_7cff6.dir/CMakeCUDACompilerABI.cu.o -lcudadevrt -lcudart_static -lrt -lpthread -ldl -lstdc++ -lm -lgcc_s -lgcc -lc -lgcc_s -lgcc /usr/lib/gcc/x86_64-pc-linux-gnu/8.5.0/crtendS.o /usr/lib/gcc/x86_64-pc-linux-gnu/8.5.0/../../../../lib/crtn.o
COLLECT_GCC_OPTIONS='-v' '-o' 'cmTC_7cff6' '-L/opt/cuda-10.1/targets/x86_64-linux/lib/stubs' '-L/opt/cuda-10.1/targets/x86_64-linux/lib' '-shared-libgcc' '-mtune=generic' '-march=x86-64'
gmake[1]: Leaving directory `/home/hofmannu/Code/CLAHE3D/Debug/CMakeFiles/CMakeTmp'



Parsed CUDA implicit include dir info from above output: rv=done
  found start of include info
  found start of implicit include info
    add: [/opt/cuda-10.1/bin/../targets/x86_64-linux/include]
    add: [/usr/lib/gcc/x86_64-pc-linux-gnu/8.5.0/include/c++]
    add: [/usr/lib/gcc/x86_64-pc-linux-gnu/8.5.0/include/c++/x86_64-pc-linux-gnu]
    add: [/usr/lib/gcc/x86_64-pc-linux-gnu/8.5.0/include/c++/backward]
    add: [/usr/lib/gcc/x86_64-pc-linux-gnu/8.5.0/include]
    add: [/usr/local/include]
    add: [/usr/lib/gcc/x86_64-pc-linux-gnu/8.5.0/include-fixed]
    add: [/usr/include]
  end of search list found
  collapse include dir [/opt/cuda-10.1/bin/../targets/x86_64-linux/include] ==> [/opt/cuda-10.1/targets/x86_64-linux/include]
  collapse include dir [/usr/lib/gcc/x86_64-pc-linux-gnu/8.5.0/include/c++] ==> [/usr/lib/gcc/x86_64-pc-linux-gnu/8.5.0/include/c++]
  collapse include dir [/usr/lib/gcc/x86_64-pc-linux-gnu/8.5.0/include/c++/x86_64-pc-linux-gnu] ==> [/usr/lib/gcc/x86_64-pc-linux-gnu/8.5.0/include/c++/x86_64-pc-linux-gnu]
  collapse include dir [/usr/lib/gcc/x86_64-pc-linux-gnu/8.5.0/include/c++/backward] ==> [/usr/lib/gcc/x86_64-pc-linux-gnu/8.5.0/include/c++/backward]
  collapse include dir [/usr/lib/gcc/x86_64-pc-linux-gnu/8.5.0/include] ==> [/usr/lib/gcc/x86_64-pc-linux-gnu/8.5.0/include]
  collapse include dir [/usr/local/include] ==> [/usr/local/include]
  collapse include dir [/usr/lib/gcc/x86_64-pc-linux-gnu/8.5.0/include-fixed] ==> [/usr/lib/gcc/x86_64-pc-linux-gnu/8.5.0/include-fixed]
  collapse include dir [/usr/include] ==> [/usr/include]
  implicit include dirs: [/opt/cuda-10.1/targets/x86_64-linux/include;/usr/lib/gcc/x86_64-pc-linux-gnu/8.5.0/include/c++;/usr/lib/gcc/x86_64-pc-linux-gnu/8.5.0/include/c++/x86_64-pc-linux-gnu;/usr/lib/gcc/x86_64-pc-linux-gnu/8.5.0/include/c++/backward;/usr/lib/gcc/x86_64-pc-linux-gnu/8.5.0/include;/usr/local/include;/usr/lib/gcc/x86_64-pc-linux-gnu/8.5.0/include-fixed;/usr/include]


Parsed CUDA implicit link information from above output:
  link line regex: [^( *|.*[/\])(ld|CMAKE_LINK_STARTFILE-NOTFOUND|([^/\]+-)?ld|collect2)[^/\]*( |$)]
  ignore line: [Change Dir: /home/hofmannu/Code/CLAHE3D/Debug/CMakeFiles/CMakeTmp]
  ignore line: []
  ignore line: [Run Build Command(s):/usr/local/MATLAB/R2019b/bin/glnxa64/gmake -f Makefile cmTC_7cff6/fast && /usr/local/MATLAB/R2019b/bin/glnxa64/gmake  -f CMakeFiles/cmTC_7cff6.dir/build.make CMakeFiles/cmTC_7cff6.dir/build]
  ignore line: [gmake[1]: Entering directory `/home/hofmannu/Code/CLAHE3D/Debug/CMakeFiles/CMakeTmp']
  ignore line: [Building CUDA object CMakeFiles/cmTC_7cff6.dir/CMakeCUDACompilerABI.cu.o]
  ignore line: [/opt/cuda-10.1/bin/nvcc    -Xcompiler=-v -x cu -c /usr/share/cmake/Modules/CMakeCUDACompilerABI.cu -o CMakeFiles/cmTC_7cff6.dir/CMakeCUDACompilerABI.cu.o]
  ignore line: [Using built-in specs.]
  ignore line: [COLLECT_GCC=gcc]
  ignore line: [Target: x86_64-pc-linux-gnu]
  ignore line: [Configured with: /home/hofmannu/.cache/yay/gcc8/src/gcc/configure --prefix=/usr --libdir=/usr/lib --libexecdir=/usr/lib --mandir=/usr/share/man --infodir=/usr/share/info --with-bugurl=https://bugs.archlinux.org/ --enable-languages=c c++ fortran lto --enable-shared --enable-threads=posix --enable-libmpx --with-system-zlib --with-isl --enable-__cxa_atexit --disable-libunwind-exceptions --enable-clocale=gnu --disable-libstdcxx-pch --disable-libssp --enable-gnu-unique-object --enable-linker-build-id --enable-lto --enable-plugin --enable-install-libiberty --with-linker-hash-style=gnu --enable-gnu-indirect-function --disable-multilib --disable-werror --enable-checking=release --enable-default-pie --enable-default-ssp --enable-cet=auto --program-suffix=-8 --enable-version-specific-runtime-libs]
  ignore line: [Thread model: posix]
  ignore line: [gcc version 8.5.0 (GCC) ]
  ignore line: [COLLECT_GCC_OPTIONS='-D' '__CUDA_ARCH__=300' '-E' '-D' 'CUDA_DOUBLE_MATH_FUNCTIONS' '-D' '__CUDACC__' '-D' '__NVCC__' '-v' '-I' '/opt/cuda-10.1/bin/../targets/x86_64-linux/include' '-D' '__CUDACC_VER_MAJOR__=10' '-D' '__CUDACC_VER_MINOR__=1' '-D' '__CUDACC_VER_BUILD__=243' '-include' 'cuda_runtime.h' '-m64' '-mtune=generic' '-march=x86-64']
  ignore line: [ /usr/lib/gcc/x86_64-pc-linux-gnu/8.5.0/cc1plus -E -quiet -v -I /opt/cuda-10.1/bin/../targets/x86_64-linux/include -D_GNU_SOURCE -D __CUDA_ARCH__=300 -D CUDA_DOUBLE_MATH_FUNCTIONS -D __CUDACC__ -D __NVCC__ -D __CUDACC_VER_MAJOR__=10 -D __CUDACC_VER_MINOR__=1 -D __CUDACC_VER_BUILD__=243 -include cuda_runtime.h /usr/share/cmake/Modules/CMakeCUDACompilerABI.cu -m64 -mtune=generic -march=x86-64]
  ignore line: [ignoring nonexistent directory "/usr/lib/gcc/x86_64-pc-linux-gnu/8.5.0/../../../../x86_64-pc-linux-gnu/include"]
  ignore line: [#include "..." search starts here:]
  ignore line: [#include <...> search starts here:]
  ignore line: [ /opt/cuda-10.1/bin/../targets/x86_64-linux/include]
  ignore line: [ /usr/lib/gcc/x86_64-pc-linux-gnu/8.5.0/include/c++]
  ignore line: [ /usr/lib/gcc/x86_64-pc-linux-gnu/8.5.0/include/c++/x86_64-pc-linux-gnu]
  ignore line: [ /usr/lib/gcc/x86_64-pc-linux-gnu/8.5.0/include/c++/backward]
  ignore line: [ /usr/lib/gcc/x86_64-pc-linux-gnu/8.5.0/include]
  ignore line: [ /usr/local/include]
  ignore line: [ /usr/lib/gcc/x86_64-pc-linux-gnu/8.5.0/include-fixed]
  ignore line: [ /usr/include]
  ignore line: [End of search list.]
  ignore line: [COMPILER_PATH=/usr/lib/gcc/x86_64-pc-linux-gnu/8.5.0/:/usr/lib/gcc/x86_64-pc-linux-gnu/8.5.0/:/usr/lib/gcc/x86_64-pc-linux-gnu/:/usr/lib/gcc/x86_64-pc-linux-gnu/8.5.0/:/usr/lib/gcc/x86_64-pc-linux-gnu/]
  ignore line: [LIBRARY_PATH=/usr/lib/gcc/x86_64-pc-linux-gnu/8.5.0/:/usr/lib/gcc/x86_64-pc-linux-gnu/8.5.0/../../../../lib/:/lib/../lib/:/usr/lib/../lib/:/usr/lib/gcc/x86_64-pc-linux-gnu/8.5.0/../../../:/lib/:/usr/lib/]
  ignore line: [COLLECT_GCC_OPTIONS='-D' '__CUDA_ARCH__=300' '-E' '-D' 'CUDA_DOUBLE_MATH_FUNCTIONS' '-D' '__CUDACC__' '-D' '__NVCC__' '-v' '-I' '/opt/cuda-10.1/bin/../targets/x86_64-linux/include' '-D' '__CUDACC_VER_MAJOR__=10' '-D' '__CUDACC_VER_MINOR__=1' '-D' '__CUDACC_VER_BUILD__=243' '-include' 'cuda_runtime.h' '-m64' '-mtune=generic' '-march=x86-64']
  ignore line: [Using built-in specs.]
  ignore line: [COLLECT_GCC=gcc]
  ignore line: [Target: x86_64-pc-linux-gnu]
  ignore line: [Configured with: /home/hofmannu/.cache/yay/gcc8/src/gcc/configure --prefix=/usr --libdir=/usr/lib --libexecdir=/usr/lib --mandir=/usr/share/man --infodir=/usr/share/info --with-bugurl=https://bugs.archlinux.org/ --enable-languages=c c++ fortran lto --enable-shared --enable-threads=posix --enable-libmpx --with-system-zlib --with-isl --enable-__cxa_atexit --disable-libunwind-exceptions --enable-clocale=gnu --disable-libstdcxx-pch --disable-libssp --enable-gnu-unique-object --enable-linker-build-id --enable-lto --enable-plugin --enable-install-libiberty --with-linker-hash-style=gnu --enable-gnu-indirect-function --disable-multilib --disable-werror --enable-checking=release --enable-default-pie --enable-default-ssp --enable-cet=auto --program-suffix=-8 --enable-version-specific-runtime-libs]
  ignore line: [Thread model: posix]
  ignore line: [gcc version 8.5.0 (GCC) ]
  ignore line: [COLLECT_GCC_OPTIONS='-E' '-D' '__CUDACC__' '-D' '__NVCC__' '-v' '-I' '/opt/cuda-10.1/bin/../targets/x86_64-linux/include' '-D' '__CUDACC_VER_MAJOR__=10' '-D' '__CUDACC_VER_MINOR__=1' '-D' '__CUDACC_VER_BUILD__=243' '-include' 'cuda_runtime.h' '-m64' '-mtune=generic' '-march=x86-64']
  ignore line: [ /usr/lib/gcc/x86_64-pc-linux-gnu/8.5.0/cc1plus -E -quiet -v -I /opt/cuda-10.1/bin/../targets/x86_64-linux/include -D_GNU_SOURCE -D __CUDACC__ -D __NVCC__ -D __CUDACC_VER_MAJOR__=10 -D __CUDACC_VER_MINOR__=1 -D __CUDACC_VER_BUILD__=243 -include cuda_runtime.h /usr/share/cmake/Modules/CMakeCUDACompilerABI.cu -m64 -mtune=generic -march=x86-64]
  ignore line: [ignoring nonexistent directory "/usr/lib/gcc/x86_64-pc-linux-gnu/8.5.0/../../../../x86_64-pc-linux-gnu/include"]
  ignore line: [#include "..." search starts here:]
  ignore line: [#include <...> search starts here:]
  ignore line: [ /opt/cuda-10.1/bin/../targets/x86_64-linux/include]
  ignore line: [ /usr/lib/gcc/x86_64-pc-linux-gnu/8.5.0/include/c++]
  ignore line: [ /usr/lib/gcc/x86_64-pc-linux-gnu/8.5.0/include/c++/x86_64-pc-linux-gnu]
  ignore line: [ /usr/lib/gcc/x86_64-pc-linux-gnu/8.5.0/include/c++/backward]
  ignore line: [ /usr/lib/gcc/x86_64-pc-linux-gnu/8.5.0/include]
  ignore line: [ /usr/local/include]
  ignore line: [ /usr/lib/gcc/x86_64-pc-linux-gnu/8.5.0/include-fixed]
  ignore line: [ /usr/include]
  ignore line: [End of search list.]
  ignore line: [COMPILER_PATH=/usr/lib/gcc/x86_64-pc-linux-gnu/8.5.0/:/usr/lib/gcc/x86_64-pc-linux-gnu/8.5.0/:/usr/lib/gcc/x86_64-pc-linux-gnu/:/usr/lib/gcc/x86_64-pc-linux-gnu/8.5.0/:/usr/lib/gcc/x86_64-pc-linux-gnu/]
  ignore line: [LIBRARY_PATH=/usr/lib/gcc/x86_64-pc-linux-gnu/8.5.0/:/usr/lib/gcc/x86_64-pc-linux-gnu/8.5.0/../../../../lib/:/lib/../lib/:/usr/lib/../lib/:/usr/lib/gcc/x86_64-pc-linux-gnu/8.5.0/../../../:/lib/:/usr/lib/]
  ignore line: [COLLECT_GCC_OPTIONS='-E' '-D' '__CUDACC__' '-D' '__NVCC__' '-v' '-I' '/opt/cuda-10.1/bin/../targets/x86_64-linux/include' '-D' '__CUDACC_VER_MAJOR__=10' '-D' '__CUDACC_VER_MINOR__=1' '-D' '__CUDACC_VER_BUILD__=243' '-include' 'cuda_runtime.h' '-m64' '-mtune=generic' '-march=x86-64']
  ignore line: [Using built-in specs.]
  ignore line: [COLLECT_GCC=gcc]
  ignore line: [Target: x86_64-pc-linux-gnu]
  ignore line: [Configured with: /home/hofmannu/.cache/yay/gcc8/src/gcc/configure --prefix=/usr --libdir=/usr/lib --libexecdir=/usr/lib --mandir=/usr/share/man --infodir=/usr/share/info --with-bugurl=https://bugs.archlinux.org/ --enable-languages=c c++ fortran lto --enable-shared --enable-threads=posix --enable-libmpx --with-system-zlib --with-isl --enable-__cxa_atexit --disable-libunwind-exceptions --enable-clocale=gnu --disable-libstdcxx-pch --disable-libssp --enable-gnu-unique-object --enable-linker-build-id --enable-lto --enable-plugin --enable-install-libiberty --with-linker-hash-style=gnu --enable-gnu-indirect-function --disable-multilib --disable-werror --enable-checking=release --enable-default-pie --enable-default-ssp --enable-cet=auto --program-suffix=-8 --enable-version-specific-runtime-libs]
  ignore line: [Thread model: posix]
  ignore line: [gcc version 8.5.0 (GCC) ]
  ignore line: [COLLECT_GCC_OPTIONS='-D' '__CUDA_ARCH__=300' '-c' '-D' 'CUDA_DOUBLE_MATH_FUNCTIONS' '-v' '-I' '/opt/cuda-10.1/bin/../targets/x86_64-linux/include' '-m64' '-o' 'CMakeFiles/cmTC_7cff6.dir/CMakeCUDACompilerABI.cu.o' '-mtune=generic' '-march=x86-64']
  ignore line: [ /usr/lib/gcc/x86_64-pc-linux-gnu/8.5.0/cc1plus -quiet -v -I /opt/cuda-10.1/bin/../targets/x86_64-linux/include -D_GNU_SOURCE -D __CUDA_ARCH__=300 -D CUDA_DOUBLE_MATH_FUNCTIONS /tmp/tmpxft_001e4ae0_00000000-5_CMakeCUDACompilerABI.cudafe1.cpp -quiet -dumpbase tmpxft_001e4ae0_00000000-5_CMakeCUDACompilerABI.cudafe1.cpp -m64 -mtune=generic -march=x86-64 -auxbase-strip CMakeFiles/cmTC_7cff6.dir/CMakeCUDACompilerABI.cu.o -version -o /tmp/cc8vRhhi.s]
  ignore line: [GNU C++14 (GCC) version 8.5.0 (x86_64-pc-linux-gnu)]
  ignore line: [	compiled by GNU C version 8.5.0  GMP version 6.2.1  MPFR version 4.1.0-p13  MPC version 1.2.1  isl version isl-0.24-GMP]
  ignore line: []
  ignore line: [GGC heuristics: --param ggc-min-expand=100 --param ggc-min-heapsize=131072]
  ignore line: [ignoring nonexistent directory "/usr/lib/gcc/x86_64-pc-linux-gnu/8.5.0/../../../../x86_64-pc-linux-gnu/include"]
  ignore line: [#include "..." search starts here:]
  ignore line: [#include <...> search starts here:]
  ignore line: [ /opt/cuda-10.1/bin/../targets/x86_64-linux/include]
  ignore line: [ /usr/lib/gcc/x86_64-pc-linux-gnu/8.5.0/include/c++]
  ignore line: [ /usr/lib/gcc/x86_64-pc-linux-gnu/8.5.0/include/c++/x86_64-pc-linux-gnu]
  ignore line: [ /usr/lib/gcc/x86_64-pc-linux-gnu/8.5.0/include/c++/backward]
  ignore line: [ /usr/lib/gcc/x86_64-pc-linux-gnu/8.5.0/include]
  ignore line: [ /usr/local/include]
  ignore line: [ /usr/lib/gcc/x86_64-pc-linux-gnu/8.5.0/include-fixed]
  ignore line: [ /usr/include]
  ignore line: [End of search list.]
  ignore line: [GNU C++14 (GCC) version 8.5.0 (x86_64-pc-linux-gnu)]
  ignore line: [	compiled by GNU C version 8.5.0  GMP version 6.2.1  MPFR version 4.1.0-p13  MPC version 1.2.1  isl version isl-0.24-GMP]
  ignore line: []
  ignore line: [GGC heuristics: --param ggc-min-expand=100 --param ggc-min-heapsize=131072]
  ignore line: [Compiler executable checksum: 9f01ac3769b35600c5478478ce9a49bb]
  ignore line: [COLLECT_GCC_OPTIONS='-D' '__CUDA_ARCH__=300' '-c' '-D' 'CUDA_DOUBLE_MATH_FUNCTIONS' '-v' '-I' '/opt/cuda-10.1/bin/../targets/x86_64-linux/include' '-m64' '-o' 'CMakeFiles/cmTC_7cff6.dir/CMakeCUDACompilerABI.cu.o' '-mtune=generic' '-march=x86-64']
  ignore line: [ as -v -I /opt/cuda-10.1/bin/../targets/x86_64-linux/include --64 -o CMakeFiles/cmTC_7cff6.dir/CMakeCUDACompilerABI.cu.o /tmp/cc8vRhhi.s]
  ignore line: [GNU assembler version 2.36.1 (x86_64-pc-linux-gnu) using BFD version (GNU Binutils) 2.36.1]
  ignore line: [COMPILER_PATH=/usr/lib/gcc/x86_64-pc-linux-gnu/8.5.0/:/usr/lib/gcc/x86_64-pc-linux-gnu/8.5.0/:/usr/lib/gcc/x86_64-pc-linux-gnu/:/usr/lib/gcc/x86_64-pc-linux-gnu/8.5.0/:/usr/lib/gcc/x86_64-pc-linux-gnu/]
  ignore line: [LIBRARY_PATH=/usr/lib/gcc/x86_64-pc-linux-gnu/8.5.0/:/usr/lib/gcc/x86_64-pc-linux-gnu/8.5.0/../../../../lib/:/lib/../lib/:/usr/lib/../lib/:/usr/lib/gcc/x86_64-pc-linux-gnu/8.5.0/../../../:/lib/:/usr/lib/]
  ignore line: [COLLECT_GCC_OPTIONS='-D' '__CUDA_ARCH__=300' '-c' '-D' 'CUDA_DOUBLE_MATH_FUNCTIONS' '-v' '-I' '/opt/cuda-10.1/bin/../targets/x86_64-linux/include' '-m64' '-o' 'CMakeFiles/cmTC_7cff6.dir/CMakeCUDACompilerABI.cu.o' '-mtune=generic' '-march=x86-64']
  ignore line: [/opt/cuda-10.1/bin/nvcc    -Xcompiler=-v -x cu -M /usr/share/cmake/Modules/CMakeCUDACompilerABI.cu -MT CMakeFiles/cmTC_7cff6.dir/CMakeCUDACompilerABI.cu.o -o CMakeFiles/cmTC_7cff6.dir/CMakeCUDACompilerABI.cu.o.d]
  ignore line: [Using built-in specs.]
  ignore line: [COLLECT_GCC=gcc]
  ignore line: [Target: x86_64-pc-linux-gnu]
  ignore line: [Configured with: /home/hofmannu/.cache/yay/gcc8/src/gcc/configure --prefix=/usr --libdir=/usr/lib --libexecdir=/usr/lib --mandir=/usr/share/man --infodir=/usr/share/info --with-bugurl=https://bugs.archlinux.org/ --enable-languages=c c++ fortran lto --enable-shared --enable-threads=posix --enable-libmpx --with-system-zlib --with-isl --enable-__cxa_atexit --disable-libunwind-exceptions --enable-clocale=gnu --disable-libstdcxx-pch --disable-libssp --enable-gnu-unique-object --enable-linker-build-id --enable-lto --enable-plugin --enable-install-libiberty --with-linker-hash-style=gnu --enable-gnu-indirect-function --disable-multilib --disable-werror --enable-checking=release --enable-default-pie --enable-default-ssp --enable-cet=auto --program-suffix=-8 --enable-version-specific-runtime-libs]
  ignore line: [Thread model: posix]
  ignore line: [gcc version 8.5.0 (GCC) ]
  ignore line: [COLLECT_GCC_OPTIONS='-D' '__CUDA_ARCH__=300' '-E' '-D' 'CUDA_DOUBLE_MATH_FUNCTIONS' '-D' '__CUDACC__' '-D' '__NVCC__' '-v' '-I' '/opt/cuda-10.1/bin/../targets/x86_64-linux/include' '-D' '__CUDACC_VER_MAJOR__=10' '-D' '__CUDACC_VER_MINOR__=1' '-D' '__CUDACC_VER_BUILD__=243' '-include' 'cuda_runtime.h' '-m64' '-mtune=generic' '-march=x86-64']
  ignore line: [ /usr/lib/gcc/x86_64-pc-linux-gnu/8.5.0/cc1plus -E -quiet -v -I /opt/cuda-10.1/bin/../targets/x86_64-linux/include -D_GNU_SOURCE -D __CUDA_ARCH__=300 -D CUDA_DOUBLE_MATH_FUNCTIONS -D __CUDACC__ -D __NVCC__ -D __CUDACC_VER_MAJOR__=10 -D __CUDACC_VER_MINOR__=1 -D __CUDACC_VER_BUILD__=243 -include cuda_runtime.h /usr/share/cmake/Modules/CMakeCUDACompilerABI.cu -m64 -mtune=generic -march=x86-64]
  ignore line: [ignoring nonexistent directory "/usr/lib/gcc/x86_64-pc-linux-gnu/8.5.0/../../../../x86_64-pc-linux-gnu/include"]
  ignore line: [#include "..." search starts here:]
  ignore line: [#include <...> search starts here:]
  ignore line: [ /opt/cuda-10.1/bin/../targets/x86_64-linux/include]
  ignore line: [ /usr/lib/gcc/x86_64-pc-linux-gnu/8.5.0/include/c++]
  ignore line: [ /usr/lib/gcc/x86_64-pc-linux-gnu/8.5.0/include/c++/x86_64-pc-linux-gnu]
  ignore line: [ /usr/lib/gcc/x86_64-pc-linux-gnu/8.5.0/include/c++/backward]
  ignore line: [ /usr/lib/gcc/x86_64-pc-linux-gnu/8.5.0/include]
  ignore line: [ /usr/local/include]
  ignore line: [ /usr/lib/gcc/x86_64-pc-linux-gnu/8.5.0/include-fixed]
  ignore line: [ /usr/include]
  ignore line: [End of search list.]
  ignore line: [COMPILER_PATH=/usr/lib/gcc/x86_64-pc-linux-gnu/8.5.0/:/usr/lib/gcc/x86_64-pc-linux-gnu/8.5.0/:/usr/lib/gcc/x86_64-pc-linux-gnu/:/usr/lib/gcc/x86_64-pc-linux-gnu/8.5.0/:/usr/lib/gcc/x86_64-pc-linux-gnu/]
  ignore line: [LIBRARY_PATH=/usr/lib/gcc/x86_64-pc-linux-gnu/8.5.0/:/usr/lib/gcc/x86_64-pc-linux-gnu/8.5.0/../../../../lib/:/lib/../lib/:/usr/lib/../lib/:/usr/lib/gcc/x86_64-pc-linux-gnu/8.5.0/../../../:/lib/:/usr/lib/]
  ignore line: [COLLECT_GCC_OPTIONS='-D' '__CUDA_ARCH__=300' '-E' '-D' 'CUDA_DOUBLE_MATH_FUNCTIONS' '-D' '__CUDACC__' '-D' '__NVCC__' '-v' '-I' '/opt/cuda-10.1/bin/../targets/x86_64-linux/include' '-D' '__CUDACC_VER_MAJOR__=10' '-D' '__CUDACC_VER_MINOR__=1' '-D' '__CUDACC_VER_BUILD__=243' '-include' 'cuda_runtime.h' '-m64' '-mtune=generic' '-march=x86-64']
  ignore line: [Using built-in specs.]
  ignore line: [COLLECT_GCC=gcc]
  ignore line: [Target: x86_64-pc-linux-gnu]
  ignore line: [Configured with: /home/hofmannu/.cache/yay/gcc8/src/gcc/configure --prefix=/usr --libdir=/usr/lib --libexecdir=/usr/lib --mandir=/usr/share/man --infodir=/usr/share/info --with-bugurl=https://bugs.archlinux.org/ --enable-languages=c c++ fortran lto --enable-shared --enable-threads=posix --enable-libmpx --with-system-zlib --with-isl --enable-__cxa_atexit --disable-libunwind-exceptions --enable-clocale=gnu --disable-libstdcxx-pch --disable-libssp --enable-gnu-unique-object --enable-linker-build-id --enable-lto --enable-plugin --enable-install-libiberty --with-linker-hash-style=gnu --enable-gnu-indirect-function --disable-multilib --disable-werror --enable-checking=release --enable-default-pie --enable-default-ssp --enable-cet=auto --program-suffix=-8 --enable-version-specific-runtime-libs]
  ignore line: [Thread model: posix]
  ignore line: [gcc version 8.5.0 (GCC) ]
  ignore line: [COLLECT_GCC_OPTIONS='-E' '-D' '__CUDACC__' '-D' '__NVCC__' '-v' '-I' '/opt/cuda-10.1/bin/../targets/x86_64-linux/include' '-D' '__CUDACC_VER_MAJOR__=10' '-D' '__CUDACC_VER_MINOR__=1' '-D' '__CUDACC_VER_BUILD__=243' '-include' 'cuda_runtime.h' '-m64' '-mtune=generic' '-march=x86-64']
  ignore line: [ /usr/lib/gcc/x86_64-pc-linux-gnu/8.5.0/cc1plus -E -quiet -v -I /opt/cuda-10.1/bin/../targets/x86_64-linux/include -D_GNU_SOURCE -D __CUDACC__ -D __NVCC__ -D __CUDACC_VER_MAJOR__=10 -D __CUDACC_VER_MINOR__=1 -D __CUDACC_VER_BUILD__=243 -include cuda_runtime.h /usr/share/cmake/Modules/CMakeCUDACompilerABI.cu -m64 -mtune=generic -march=x86-64]
  ignore line: [ignoring nonexistent directory "/usr/lib/gcc/x86_64-pc-linux-gnu/8.5.0/../../../../x86_64-pc-linux-gnu/include"]
  ignore line: [#include "..." search starts here:]
  ignore line: [#include <...> search starts here:]
  ignore line: [ /opt/cuda-10.1/bin/../targets/x86_64-linux/include]
  ignore line: [ /usr/lib/gcc/x86_64-pc-linux-gnu/8.5.0/include/c++]
  ignore line: [ /usr/lib/gcc/x86_64-pc-linux-gnu/8.5.0/include/c++/x86_64-pc-linux-gnu]
  ignore line: [ /usr/lib/gcc/x86_64-pc-linux-gnu/8.5.0/include/c++/backward]
  ignore line: [ /usr/lib/gcc/x86_64-pc-linux-gnu/8.5.0/include]
  ignore line: [ /usr/local/include]
  ignore line: [ /usr/lib/gcc/x86_64-pc-linux-gnu/8.5.0/include-fixed]
  ignore line: [ /usr/include]
  ignore line: [End of search list.]
  ignore line: [COMPILER_PATH=/usr/lib/gcc/x86_64-pc-linux-gnu/8.5.0/:/usr/lib/gcc/x86_64-pc-linux-gnu/8.5.0/:/usr/lib/gcc/x86_64-pc-linux-gnu/:/usr/lib/gcc/x86_64-pc-linux-gnu/8.5.0/:/usr/lib/gcc/x86_64-pc-linux-gnu/]
  ignore line: [LIBRARY_PATH=/usr/lib/gcc/x86_64-pc-linux-gnu/8.5.0/:/usr/lib/gcc/x86_64-pc-linux-gnu/8.5.0/../../../../lib/:/lib/../lib/:/usr/lib/../lib/:/usr/lib/gcc/x86_64-pc-linux-gnu/8.5.0/../../../:/lib/:/usr/lib/]
  ignore line: [COLLECT_GCC_OPTIONS='-E' '-D' '__CUDACC__' '-D' '__NVCC__' '-v' '-I' '/opt/cuda-10.1/bin/../targets/x86_64-linux/include' '-D' '__CUDACC_VER_MAJOR__=10' '-D' '__CUDACC_VER_MINOR__=1' '-D' '__CUDACC_VER_BUILD__=243' '-include' 'cuda_runtime.h' '-m64' '-mtune=generic' '-march=x86-64']
  ignore line: [Linking CUDA executable cmTC_7cff6]
  ignore line: [/usr/bin/cmake -E cmake_link_script CMakeFiles/cmTC_7cff6.dir/link.txt --verbose=1]
  ignore line: [/opt/cuda-10.1/bin/g++  -v CMakeFiles/cmTC_7cff6.dir/CMakeCUDACompilerABI.cu.o -o cmTC_7cff6  -lcudadevrt -lcudart_static -lrt -lpthread -ldl  -L"/opt/cuda-10.1/targets/x86_64-linux/lib/stubs" -L"/opt/cuda-10.1/targets/x86_64-linux/lib"]
  ignore line: [Using built-in specs.]
  ignore line: [COLLECT_GCC=/opt/cuda-10.1/bin/g++]
  ignore line: [COLLECT_LTO_WRAPPER=/usr/lib/gcc/x86_64-pc-linux-gnu/8.5.0/lto-wrapper]
  ignore line: [Target: x86_64-pc-linux-gnu]
  ignore line: [Configured with: /home/hofmannu/.cache/yay/gcc8/src/gcc/configure --prefix=/usr --libdir=/usr/lib --libexecdir=/usr/lib --mandir=/usr/share/man --infodir=/usr/share/info --with-bugurl=https://bugs.archlinux.org/ --enable-languages=c c++ fortran lto --enable-shared --enable-threads=posix --enable-libmpx --with-system-zlib --with-isl --enable-__cxa_atexit --disable-libunwind-exceptions --enable-clocale=gnu --disable-libstdcxx-pch --disable-libssp --enable-gnu-unique-object --enable-linker-build-id --enable-lto --enable-plugin --enable-install-libiberty --with-linker-hash-style=gnu --enable-gnu-indirect-function --disable-multilib --disable-werror --enable-checking=release --enable-default-pie --enable-default-ssp --enable-cet=auto --program-suffix=-8 --enable-version-specific-runtime-libs]
  ignore line: [Thread model: posix]
  ignore line: [gcc version 8.5.0 (GCC) ]
  ignore line: [COMPILER_PATH=/usr/lib/gcc/x86_64-pc-linux-gnu/8.5.0/:/usr/lib/gcc/x86_64-pc-linux-gnu/8.5.0/:/usr/lib/gcc/x86_64-pc-linux-gnu/:/usr/lib/gcc/x86_64-pc-linux-gnu/8.5.0/:/usr/lib/gcc/x86_64-pc-linux-gnu/]
  ignore line: [LIBRARY_PATH=/usr/lib/gcc/x86_64-pc-linux-gnu/8.5.0/:/usr/lib/gcc/x86_64-pc-linux-gnu/8.5.0/../../../../lib/:/lib/../lib/:/usr/lib/../lib/:/usr/lib/gcc/x86_64-pc-linux-gnu/8.5.0/../../../:/lib/:/usr/lib/]
  ignore line: [COLLECT_GCC_OPTIONS='-v' '-o' 'cmTC_7cff6' '-L/opt/cuda-10.1/targets/x86_64-linux/lib/stubs' '-L/opt/cuda-10.1/targets/x86_64-linux/lib' '-shared-libgcc' '-mtune=generic' '-march=x86-64']
  link line: [ /usr/lib/gcc/x86_64-pc-linux-gnu/8.5.0/collect2 -plugin /usr/lib/gcc/x86_64-pc-linux-gnu/8.5.0/liblto_plugin.so -plugin-opt=/usr/lib/gcc/x86_64-pc-linux-gnu/8.5.0/lto-wrapper -plugin-opt=-fresolution=/tmp/ccnO70z6.res -plugin-opt=-pass-through=-lgcc_s -plugin-opt=-pass-through=-lgcc -plugin-opt=-pass-through=-lc -plugin-opt=-pass-through=-lgcc_s -plugin-opt=-pass-through=-lgcc --build-id --eh-frame-hdr --hash-style=gnu -m elf_x86_64 -dynamic-linker /lib64/ld-linux-x86-64.so.2 -pie -o cmTC_7cff6 /usr/lib/gcc/x86_64-pc-linux-gnu/8.5.0/../../../../lib/Scrt1.o /usr/lib/gcc/x86_64-pc-linux-gnu/8.5.0/../../../../lib/crti.o /usr/lib/gcc/x86_64-pc-linux-gnu/8.5.0/crtbeginS.o -L/opt/cuda-10.1/targets/x86_64-linux/lib/stubs -L/opt/cuda-10.1/targets/x86_64-linux/lib -L/usr/lib/gcc/x86_64-pc-linux-gnu/8.5.0 -L/usr/lib/gcc/x86_64-pc-linux-gnu/8.5.0/../../../../lib -L/lib/../lib -L/usr/lib/../lib -L/usr/lib/gcc/x86_64-pc-linux-gnu/8.5.0/../../.. CMakeFiles/cmTC_7cff6.dir/CMakeCUDACompilerABI.cu.o -lcudadevrt -lcudart_static -lrt -lpthread -ldl -lstdc++ -lm -lgcc_s -lgcc -lc -lgcc_s -lgcc /usr/lib/gcc/x86_64-pc-linux-gnu/8.5.0/crtendS.o /usr/lib/gcc/x86_64-pc-linux-gnu/8.5.0/../../../../lib/crtn.o]
    arg [/usr/lib/gcc/x86_64-pc-linux-gnu/8.5.0/collect2] ==> ignore
    arg [-plugin] ==> ignore
    arg [/usr/lib/gcc/x86_64-pc-linux-gnu/8.5.0/liblto_plugin.so] ==> ignore
    arg [-plugin-opt=/usr/lib/gcc/x86_64-pc-linux-gnu/8.5.0/lto-wrapper] ==> ignore
    arg [-plugin-opt=-fresolution=/tmp/ccnO70z6.res] ==> ignore
    arg [-plugin-opt=-pass-through=-lgcc_s] ==> ignore
    arg [-plugin-opt=-pass-through=-lgcc] ==> ignore
    arg [-plugin-opt=-pass-through=-lc] ==> ignore
    arg [-plugin-opt=-pass-through=-lgcc_s] ==> ignore
    arg [-plugin-opt=-pass-through=-lgcc] ==> ignore
    arg [--build-id] ==> ignore
    arg [--eh-frame-hdr] ==> ignore
    arg [--hash-style=gnu] ==> ignore
    arg [-m] ==> ignore
    arg [elf_x86_64] ==> ignore
    arg [-dynamic-linker] ==> ignore
    arg [/lib64/ld-linux-x86-64.so.2] ==> ignore
    arg [-pie] ==> ignore
    arg [-o] ==> ignore
    arg [cmTC_7cff6] ==> ignore
    arg [/usr/lib/gcc/x86_64-pc-linux-gnu/8.5.0/../../../../lib/Scrt1.o] ==> obj [/usr/lib/gcc/x86_64-pc-linux-gnu/8.5.0/../../../../lib/Scrt1.o]
    arg [/usr/lib/gcc/x86_64-pc-linux-gnu/8.5.0/../../../../lib/crti.o] ==> obj [/usr/lib/gcc/x86_64-pc-linux-gnu/8.5.0/../../../../lib/crti.o]
    arg [/usr/lib/gcc/x86_64-pc-linux-gnu/8.5.0/crtbeginS.o] ==> obj [/usr/lib/gcc/x86_64-pc-linux-gnu/8.5.0/crtbeginS.o]
    arg [-L/opt/cuda-10.1/targets/x86_64-linux/lib/stubs] ==> dir [/opt/cuda-10.1/targets/x86_64-linux/lib/stubs]
    arg [-L/opt/cuda-10.1/targets/x86_64-linux/lib] ==> dir [/opt/cuda-10.1/targets/x86_64-linux/lib]
    arg [-L/usr/lib/gcc/x86_64-pc-linux-gnu/8.5.0] ==> dir [/usr/lib/gcc/x86_64-pc-linux-gnu/8.5.0]
    arg [-L/usr/lib/gcc/x86_64-pc-linux-gnu/8.5.0/../../../../lib] ==> dir [/usr/lib/gcc/x86_64-pc-linux-gnu/8.5.0/../../../../lib]
    arg [-L/lib/../lib] ==> dir [/lib/../lib]
    arg [-L/usr/lib/../lib] ==> dir [/usr/lib/../lib]
    arg [-L/usr/lib/gcc/x86_64-pc-linux-gnu/8.5.0/../../..] ==> dir [/usr/lib/gcc/x86_64-pc-linux-gnu/8.5.0/../../..]
    arg [CMakeFiles/cmTC_7cff6.dir/CMakeCUDACompilerABI.cu.o] ==> ignore
    arg [-lcudadevrt] ==> lib [cudadevrt]
    arg [-lcudart_static] ==> lib [cudart_static]
    arg [-lrt] ==> lib [rt]
    arg [-lpthread] ==> lib [pthread]
    arg [-ldl] ==> lib [dl]
    arg [-lstdc++] ==> lib [stdc++]
    arg [-lm] ==> lib [m]
    arg [-lgcc_s] ==> lib [gcc_s]
    arg [-lgcc] ==> lib [gcc]
    arg [-lc] ==> lib [c]
    arg [-lgcc_s] ==> lib [gcc_s]
    arg [-lgcc] ==> lib [gcc]
    arg [/usr/lib/gcc/x86_64-pc-linux-gnu/8.5.0/crtendS.o] ==> obj [/usr/lib/gcc/x86_64-pc-linux-gnu/8.5.0/crtendS.o]
    arg [/usr/lib/gcc/x86_64-pc-linux-gnu/8.5.0/../../../../lib/crtn.o] ==> obj [/usr/lib/gcc/x86_64-pc-linux-gnu/8.5.0/../../../../lib/crtn.o]
  collapse obj [/usr/lib/gcc/x86_64-pc-linux-gnu/8.5.0/../../../../lib/Scrt1.o] ==> [/usr/lib/Scrt1.o]
  collapse obj [/usr/lib/gcc/x86_64-pc-linux-gnu/8.5.0/../../../../lib/crti.o] ==> [/usr/lib/crti.o]
  collapse obj [/usr/lib/gcc/x86_64-pc-linux-gnu/8.5.0/../../../../lib/crtn.o] ==> [/usr/lib/crtn.o]
  collapse library dir [/opt/cuda-10.1/targets/x86_64-linux/lib/stubs] ==> [/opt/cuda-10.1/targets/x86_64-linux/lib/stubs]
  collapse library dir [/opt/cuda-10.1/targets/x86_64-linux/lib] ==> [/opt/cuda-10.1/targets/x86_64-linux/lib]
  collapse library dir [/usr/lib/gcc/x86_64-pc-linux-gnu/8.5.0] ==> [/usr/lib/gcc/x86_64-pc-linux-gnu/8.5.0]
  collapse library dir [/usr/lib/gcc/x86_64-pc-linux-gnu/8.5.0/../../../../lib] ==> [/usr/lib]
  collapse library dir [/lib/../lib] ==> [/lib]
  collapse library dir [/usr/lib/../lib] ==> [/usr/lib]
  collapse library dir [/usr/lib/gcc/x86_64-pc-linux-gnu/8.5.0/../../..] ==> [/usr/lib]
  implicit libs: [cudadevrt;cudart_static;rt;pthread;dl;stdc++;m;gcc_s;gcc;c;gcc_s;gcc]
  implicit objs: [/usr/lib/Scrt1.o;/usr/lib/crti.o;/usr/lib/gcc/x86_64-pc-linux-gnu/8.5.0/crtbeginS.o;/usr/lib/gcc/x86_64-pc-linux-gnu/8.5.0/crtendS.o;/usr/lib/crtn.o]
  implicit dirs: [/opt/cuda-10.1/targets/x86_64-linux/lib/stubs;/opt/cuda-10.1/targets/x86_64-linux/lib;/usr/lib/gcc/x86_64-pc-linux-gnu/8.5.0;/usr/lib;/lib]
  implicit fwks: []


Determining if the include file pthread.h exists passed with the following output:
Change Dir: /home/hofmannu/Code/CLAHE3D/Debug/CMakeFiles/CMakeTmp

Run Build Command(s):/usr/local/MATLAB/R2019b/bin/glnxa64/gmake -f Makefile cmTC_8f279/fast && /usr/local/MATLAB/R2019b/bin/glnxa64/gmake  -f CMakeFiles/cmTC_8f279.dir/build.make CMakeFiles/cmTC_8f279.dir/build
gmake[1]: Entering directory `/home/hofmannu/Code/CLAHE3D/Debug/CMakeFiles/CMakeTmp'
Building CXX object CMakeFiles/cmTC_8f279.dir/CheckIncludeFile.cxx.o
/usr/bin/c++    -o CMakeFiles/cmTC_8f279.dir/CheckIncludeFile.cxx.o -c /home/hofmannu/Code/CLAHE3D/Debug/CMakeFiles/CMakeTmp/CheckIncludeFile.cxx
Linking CXX executable cmTC_8f279
/usr/bin/cmake -E cmake_link_script CMakeFiles/cmTC_8f279.dir/link.txt --verbose=1
/usr/bin/c++ CMakeFiles/cmTC_8f279.dir/CheckIncludeFile.cxx.o -o cmTC_8f279 
gmake[1]: Leaving directory `/home/hofmannu/Code/CLAHE3D/Debug/CMakeFiles/CMakeTmp'



Determining if the function pthread_create exists in the pthread passed with the following output:
Change Dir: /home/hofmannu/Code/CLAHE3D/Debug/CMakeFiles/CMakeTmp

Run Build Command(s):/usr/local/MATLAB/R2019b/bin/glnxa64/gmake -f Makefile cmTC_caf6a/fast && /usr/local/MATLAB/R2019b/bin/glnxa64/gmake  -f CMakeFiles/cmTC_caf6a.dir/build.make CMakeFiles/cmTC_caf6a.dir/build
gmake[1]: Entering directory `/home/hofmannu/Code/CLAHE3D/Debug/CMakeFiles/CMakeTmp'
Building CXX object CMakeFiles/cmTC_caf6a.dir/CheckFunctionExists.cxx.o
/usr/bin/c++   -DCHECK_FUNCTION_EXISTS=pthread_create -o CMakeFiles/cmTC_caf6a.dir/CheckFunctionExists.cxx.o -c /home/hofmannu/Code/CLAHE3D/Debug/CMakeFiles/CheckLibraryExists/CheckFunctionExists.cxx
Linking CXX executable cmTC_caf6a
/usr/bin/cmake -E cmake_link_script CMakeFiles/cmTC_caf6a.dir/link.txt --verbose=1
/usr/bin/c++  -DCHECK_FUNCTION_EXISTS=pthread_create CMakeFiles/cmTC_caf6a.dir/CheckFunctionExists.cxx.o -o cmTC_caf6a  -lpthread 
gmake[1]: Leaving directory `/home/hofmannu/Code/CLAHE3D/Debug/CMakeFiles/CMakeTmp'



