Performing C++ SOURCE FILE Test CMAKE_HAVE_LIBC_PTHREAD failed with the following output:
Change Dir: /home/hofmannu/Code/CLAHE3D/Debug/CMakeFiles/CMakeTmp

Run Build Command(s):/usr/local/MATLAB/R2019b/bin/glnxa64/gmake -f Makefile cmTC_d49ad/fast && /usr/local/MATLAB/R2019b/bin/glnxa64/gmake  -f CMakeFiles/cmTC_d49ad.dir/build.make CMakeFiles/cmTC_d49ad.dir/build
gmake[1]: Entering directory `/home/hofmannu/Code/CLAHE3D/Debug/CMakeFiles/CMakeTmp'
Building CXX object CMakeFiles/cmTC_d49ad.dir/src.cxx.o
/usr/bin/c++ -DCMAKE_HAVE_LIBC_PTHREAD   -o CMakeFiles/cmTC_d49ad.dir/src.cxx.o -c /home/hofmannu/Code/CLAHE3D/Debug/CMakeFiles/CMakeTmp/src.cxx
Linking CXX executable cmTC_d49ad
/usr/bin/cmake -E cmake_link_script CMakeFiles/cmTC_d49ad.dir/link.txt --verbose=1
/usr/bin/c++ CMakeFiles/cmTC_d49ad.dir/src.cxx.o -o cmTC_d49ad 
/usr/bin/ld: CMakeFiles/cmTC_d49ad.dir/src.cxx.o: in function `main':
src.cxx:(.text+0x3e): undefined reference to `pthread_create'
/usr/bin/ld: src.cxx:(.text+0x4a): undefined reference to `pthread_detach'
/usr/bin/ld: src.cxx:(.text+0x56): undefined reference to `pthread_cancel'
/usr/bin/ld: src.cxx:(.text+0x67): undefined reference to `pthread_join'
collect2: error: ld returned 1 exit status
gmake[1]: *** [cmTC_d49ad] Error 1
gmake[1]: Leaving directory `/home/hofmannu/Code/CLAHE3D/Debug/CMakeFiles/CMakeTmp'
gmake: *** [cmTC_d49ad/fast] Error 2


Source file was:
#include <pthread.h>

static void* test_func(void* data)
{
  return data;
}

int main(void)
{
  pthread_t thread;
  pthread_create(&thread, NULL, test_func, NULL);
  pthread_detach(thread);
  pthread_cancel(thread);
  pthread_join(thread, NULL);
  pthread_atfork(NULL, NULL, NULL);
  pthread_exit(NULL);

  return 0;
}

Determining if the function pthread_create exists in the pthreads failed with the following output:
Change Dir: /home/hofmannu/Code/CLAHE3D/Debug/CMakeFiles/CMakeTmp

Run Build Command(s):/usr/local/MATLAB/R2019b/bin/glnxa64/gmake -f Makefile cmTC_00ac9/fast && /usr/local/MATLAB/R2019b/bin/glnxa64/gmake  -f CMakeFiles/cmTC_00ac9.dir/build.make CMakeFiles/cmTC_00ac9.dir/build
gmake[1]: Entering directory `/home/hofmannu/Code/CLAHE3D/Debug/CMakeFiles/CMakeTmp'
Building CXX object CMakeFiles/cmTC_00ac9.dir/CheckFunctionExists.cxx.o
/usr/bin/c++   -DCHECK_FUNCTION_EXISTS=pthread_create -o CMakeFiles/cmTC_00ac9.dir/CheckFunctionExists.cxx.o -c /home/hofmannu/Code/CLAHE3D/Debug/CMakeFiles/CheckLibraryExists/CheckFunctionExists.cxx
Linking CXX executable cmTC_00ac9
/usr/bin/cmake -E cmake_link_script CMakeFiles/cmTC_00ac9.dir/link.txt --verbose=1
/usr/bin/c++  -DCHECK_FUNCTION_EXISTS=pthread_create CMakeFiles/cmTC_00ac9.dir/CheckFunctionExists.cxx.o -o cmTC_00ac9  -lpthreads 
/usr/bin/ld: cannot find -lpthreads
collect2: error: ld returned 1 exit status
gmake[1]: *** [cmTC_00ac9] Error 1
gmake[1]: Leaving directory `/home/hofmannu/Code/CLAHE3D/Debug/CMakeFiles/CMakeTmp'
gmake: *** [cmTC_00ac9/fast] Error 2



